Starting Dynare (version 6.5).
Calling Dynare with arguments: none
Starting preprocessing of the model file ... 
Found 39 equation(s). 
Evaluating expressions... 
Computing static model derivatives (order 1). 
Normalizing the static model... 
Finding the optimal block decomposition of the static model... 
12 block(s) found: 
  11 recursive block(s) and 1 simultaneous block(s). 
  the largest simultaneous block has 28 equation(s) 
                                 and 28 feedback variable(s). 
Computing dynamic model derivatives (order 1). 
Normalizing the dynamic model... 
Finding the optimal block decomposition of the dynamic model... 
8 block(s) found: 
  7 recursive block(s) and 1 simultaneous block(s). 
  the largest simultaneous block has 30 equation(s) 
                                 and 30 feedback variable(s). 
Preprocessing completed. 
Preprocessing time: 0h00m00s.

EIGENVALUES:
         Modulus             Real        Imaginary
               0                0                0
               0                0                0
               0                0                0
       2.761e-19        2.761e-19                0
       9.827e-18       -9.827e-18                0
        1.58e-17         1.58e-17                0
       1.017e-15       -1.017e-15                0
       1.275e-15        1.275e-15                0
            0.66             0.66                0
          0.7966           0.7966                0
            0.95             0.95                0
            0.95             0.95                0
          0.9621           0.9621                0
            1.01             1.01                0
           1.019            1.019                0
           1.051            1.051                0
             1.5              1.5                0
       2.332e+16        2.332e+16                0
       6.731e+16        6.731e+16                0
       1.829e+18        1.829e+18                0
       6.132e+18        6.132e+18                0
       3.179e+24        3.179e+24                0
             Inf             -Inf                0
             Inf             -Inf                0

There are 11 eigenvalue(s) larger than 1 in modulus for 11 forward-looking variable(s)
The rank condition is verified.


STEADY-STATE RESULTS:

Y        		 -0.191705
Ym       		 -0.191705
K        		 1.70419
Keff     		 1.70419
L        		 -1.12561
I        		 -1.98436
C        		 -0.657264
G        		 -1.77339
Q        		 0.00458301
varrho   		 0.657264
Lambda   		 0
Rk       		 0.0125223
R        		 0.0100503
N        		 0.322482
Ne       		 0.313531
Nn       		 -4.39797
nu       		 -5.58873
eta      		 0.412786
phi      		 1.38629
z        		 0.0199017
x        		 0.0199017
Pm       		 -0.274412
w        		 0.259017
VMPK     		 -3.27897
U        		 0.000213616
X        		 0.274412
D        		 0
F        		 -0.466116
Z        		 -0.191705
i        		 0.0100503
prem     		 0.00247194
delta    		 -3.68856
In       		 0
Welf     		 -129.294
a        		 0
ksi      		 0
g        		 0
infl     		 -2e-10
inflstar 		 -2e-10

MODEL SUMMARY

  Number of variables:         39
  Number of stochastic shocks: 5
  Number of state variables:   13
  Number of jumpers:           11
  Number of static variables:  17


MATRIX OF COVARIANCE OF EXOGENOUS SHOCKS
Variables         e_a     e_ksi       e_g      e_Ne       e_i
e_a          0.000000  0.000000  0.000000  0.000000  0.000000
e_ksi        0.000000  0.002500  0.000000  0.000000  0.000000
e_g          0.000000  0.000000  0.000000  0.000000  0.000000
e_Ne         0.000000  0.000000  0.000000  0.000000  0.000000
e_i          0.000000  0.000000  0.000000  0.000000  0.000000

POLICY AND TRANSITION FUNCTIONS
                                   Y              Ym               K            Keff               L               I               C               G               Q          varrho          Lambda              Rk               R               N              Ne              Nn              nu             eta             phi               z               x              Pm               w            VMPK               U               X               D               F               Z               i            prem           delta              In            Welf               a             ksi               g            infl        inflstar
Constant                   -0.191705       -0.191705        1.704194        1.704194       -1.125611       -1.984364       -0.657264       -1.773387        0.004583        0.657264               0        0.012522        0.010050        0.322482        0.313531       -4.397973       -5.588729        0.412786        1.386294        0.019902        0.019902       -0.274412        0.259017       -3.278971        0.000214        0.274412               0       -0.466116       -0.191705        0.010050        0.002472       -3.688558               0     -129.294376               0               0               0               0               0
K(-1)                      -0.167264       -0.167264        0.890666        1.000000       -0.672073       -3.586342        0.690301               0       -0.114171       -0.690301       -0.690301       -0.150701       -0.100465       -0.585146       -0.598371        0.885829        2.588769        1.336012        1.361641       -0.598371        0.763270               0        0.504809       -1.167262       -0.142349               0               0       -0.167264       -0.167264       -0.220242        0.088135       -0.214405       -0.601001       11.379538               0               0               0       -0.146828       -0.146828
Q(-1)                      -0.666056       -0.666056       -0.148262               0       -0.954106       -6.050909        0.551384               0       -0.150629       -0.551384       -0.551384       -1.170410       -0.175099       -4.607151       -4.647220       -0.150629        8.190918        4.227169        4.308259       -4.647220       -0.338961               0        0.288050       -0.666055       -0.081226               0               0       -0.666056       -0.666056       -0.363946        0.200147       -0.122343       -0.814988       -2.453235               0               0               0       -0.242631       -0.242631
varrho(-1)                         0               0               0               0               0               0               0               0               0               0       -1.000000               0               0               0               0               0               0               0               0               0               0               0               0               0               0               0               0               0               0               0               0               0               0               0               0               0               0               0               0
R(-1)                      -0.498309       -0.498309       -0.110922               0       -0.713813       -4.526977        0.412517               0       -0.112693       -0.412517       -0.412517       -0.127492       -0.131000       -3.446832       -3.476810       -0.112693        6.128022        3.162550        3.223217       -3.476810       -0.253593               0        0.215504       -0.498308       -0.060769               0               0       -0.498309       -0.498309       -0.272286        0.149739       -0.091530       -0.609732       -1.835383               0               0               0       -0.181524       -0.181524
N(-1)                       0.167747        0.167747        0.037340               0        0.240293        1.523931       -0.138867               0        0.037936        0.138867        0.138867        0.042918        0.044099        1.160319        1.170410        0.037936       -2.062896       -1.064620       -1.085042        0.170410       -0.914632               0       -0.072546        0.167747        0.020457               0               0        0.167747        0.167747        0.091660       -0.050407        0.030812        0.205256        0.617851               0               0               0        0.061107        0.061107
phi(-1)                     0.001644        0.001644        0.000366               0        0.002356        0.014939       -0.001361               0        0.000372        0.001361        0.001361        0.000421        0.000432        0.011375        0.011473        0.000372       -0.020222       -0.010436       -0.010637        0.011473       -0.999163               0       -0.000711        0.001644        0.000201               0               0        0.001644        0.001644        0.000899       -0.000494        0.000302        0.002012        0.006057               0               0               0        0.000599        0.000599
a(-1)                       1.508578        1.508578        0.166003               0        0.743085        6.915084        0.560402               0        0.172142       -0.560402       -0.560402        0.219047        0.106024        0.863531        0.869748        0.172142       -0.998871       -0.515497       -0.525386        0.869748        0.344361               0        0.765493        1.508576        0.183973               0               0        1.508578        1.508578        0.199338       -0.101100        0.277099        0.912510       29.279490        0.950000               0               0        0.132892        0.132892
ksi(-1)                     0.730391        0.730391        0.774927        0.660000        0.760834        5.268547       -0.240432               0        0.131154        0.240432        0.240432        0.791810        0.439730        3.122988        3.143954        0.791154       -4.214812       -2.175181       -2.216907        3.143954        0.927047               0       -0.030442        0.070391        0.008584               0               0        0.730391        0.730391        0.721096       -0.110383        0.012930        0.631750       24.962448               0        0.660000               0        0.480731        0.480731
g(-1)                       0.110713        0.110713       -0.004560               0        0.158593       -0.161987       -0.091652        0.950000       -0.004032        0.091652        0.091652       -0.000383       -0.000961       -0.001542       -0.001520       -0.004032       -0.013403       -0.006917       -0.007050       -0.001520       -0.008570               0       -0.047880        0.110712        0.013502               0               0        0.110713        0.110713        0.002081        0.006058        0.020336       -0.025064       -4.388284               0               0        0.950000        0.001387        0.001387
e_a                        -1.587977       -1.587977       -0.174740               0       -0.782194       -7.279036       -0.589897               0       -0.181202        0.589897        0.589897       -0.230576       -0.111605       -0.908980       -0.915524       -0.181202        1.051443        0.542629        0.553038       -0.915524       -0.362486               0       -0.805782       -1.587974       -0.193656               0               0       -1.587977       -1.587977       -0.209829        0.106421       -0.291683       -0.960537      -30.820516       -1.000000               0               0       -0.139886       -0.139886
e_ksi                      -1.106654       -1.106654       -1.174132       -1.000000       -1.152779       -7.982647        0.364292               0       -0.198718       -0.364292       -0.364292       -1.199712       -0.666258       -4.731800       -4.763567       -1.198718        6.386079        3.295728        3.358950       -4.763567       -1.404617               0        0.046125       -0.106654       -0.013007               0               0       -1.106654       -1.106654       -1.092570        0.167248       -0.019590       -0.957197      -37.821891               0       -1.000000               0       -0.728380       -0.728380
e_g                        -0.116540       -0.116540        0.004800               0       -0.166940        0.170513        0.096475       -1.000000        0.004245       -0.096475       -0.096475        0.000403        0.001012        0.001623        0.001600        0.004245        0.014109        0.007281        0.007421        0.001600        0.009021               0        0.050400       -0.116539       -0.014212               0               0       -0.116540       -0.116540       -0.002190       -0.006376       -0.021406        0.026383        4.619246               0               0       -1.000000       -0.001460       -0.001460
e_Ne                       -0.167747       -0.167747       -0.037340               0       -0.240293       -1.523931        0.138867               0       -0.037936       -0.138867       -0.138867       -0.042918       -0.044099       -1.160319       -1.170410       -0.037936        2.062896        1.064620        1.085042       -0.170410        0.914632               0        0.072546       -0.167747       -0.020457               0               0       -0.167747       -0.167747       -0.091660        0.050407       -0.030812       -0.205256       -0.617851               0               0               0       -0.061107       -0.061107
e_i                                0               0               0               0               0               0               0               0               0               0               0               0               0               0               0               0               0               0               0               0               0               0               0               0               0               0               0               0               0               0               0               0               0               0               0               0               0       -0.666667       -0.666667


MOMENTS OF SIMULATED VARIABLES
VARIABLE              MEAN       STD. DEV.        VARIANCE        SKEWNESS        KURTOSIS
Y                -0.186046        0.131805        0.017372       -0.280558        0.384599
Ym               -0.186046        0.131805        0.017372       -0.280558        0.384599
K                 1.736626        0.645731        0.416969       -0.406373        0.576834
Keff              1.737788        0.667444        0.445481       -0.406919        0.577310
L                -1.132033        0.146038        0.021327        0.214027        0.247580
I                -2.002387        0.614152        0.377183        0.029493        0.072543
C                -0.643410        0.274888        0.075563       -0.388988        0.540425
G                -1.773387        0.000000        0.000000             NaN             NaN
Q                 0.003318        0.027894        0.000778        0.243308        0.289460
varrho            0.643410        0.274888        0.075563        0.388988        0.540425
Lambda            0.000094        0.046065        0.002122        0.040912        0.027387
Rk                0.012417        0.069297        0.004802       -0.009294        0.147484
R                 0.009982        0.043098        0.001857        0.021981        0.156671
N                 0.378073        1.125870        1.267583       -0.398123        0.583655
Ne                0.369331        1.130262        1.277492       -0.398016        0.583584
Nn               -4.365644        0.643984        0.414715       -0.406114        0.576243
nu               -5.635165        0.976116        0.952802        0.366289        0.555525
eta               0.388821        0.503754        0.253768        0.366289        0.555525
phi               1.361870        0.513418        0.263598        0.366289        0.555525
z                 0.019291        0.236832        0.056089       -0.107965        0.183180
x                 0.019736        0.081963        0.006718       -0.010390        0.148173
Pm               -0.274412        0.000000        0.000000             NaN             NaN
w                 0.271098        0.238936        0.057090       -0.401008        0.563918
VMPK             -3.306906        0.552488        0.305243        0.401008        0.563918
U                -0.003193        0.067377        0.004540        0.401008        0.563918
X                 0.274412        0.000000        0.000000             NaN             NaN
D                 0.000000        0.000000        0.000000             NaN             NaN
F                -0.460457        0.131805        0.017372       -0.280558        0.384599
Z                -0.186046        0.131805        0.017372       -0.280558        0.384599
i                 0.009302        0.071502        0.005113        0.010573        0.129810
prem              0.002145        0.011857        0.000141        0.097218        0.216578
delta            -3.693689        0.101482        0.010299        0.401008        0.563918
In               -0.006390        0.139826        0.019551        0.251201        0.302700
Welf           -128.853334        9.129882       83.354740       -0.376082        0.514382
a                 0.000000        0.000000        0.000000             NaN             NaN
ksi               0.000791        0.068592        0.004705        0.030862        0.146760
g                 0.000000        0.000000        0.000000             NaN             NaN
infl             -0.000499        0.047668        0.002272        0.010573        0.129810
inflstar         -0.000499        0.047668        0.002272        0.010573        0.129810


CORRELATION OF SIMULATED VARIABLES
VARIABLE           Y        Ym         K      Keff         L         I         C         G         Q    varrho    Lambda        Rk         R         N        Ne        Nn        nu       eta       phi         z         x        Pm         w      VMPK         U         X         D         F         Z         i      prem     delta        In      Welf         a       ksi         g      infl  inflstar
Y             1.0000    1.0000    0.9046    0.8958   -0.4777   -0.0627    0.8033       NaN   -0.5227   -0.8033   -0.2226    0.5175    0.5283    0.9561    0.9563    0.9058   -0.9872   -0.9872   -0.9872    0.3516    0.5062       NaN    0.8436   -0.8436   -0.8436       NaN       NaN    1.0000    1.0000    0.3672   -0.8858   -0.8436   -0.5415    0.9595       NaN    0.7391       NaN    0.3672    0.3672
Ym            1.0000    1.0000    0.9046    0.8958   -0.4777   -0.0627    0.8033       NaN   -0.5227   -0.8033   -0.2226    0.5175    0.5283    0.9561    0.9563    0.9058   -0.9872   -0.9872   -0.9872    0.3516    0.5062       NaN    0.8436   -0.8436   -0.8436       NaN       NaN    1.0000    1.0000    0.3672   -0.8858   -0.8436   -0.5415    0.9595       NaN    0.7391       NaN    0.3672    0.3672
K             0.9046    0.9046    1.0000    0.9998   -0.8066   -0.4822    0.9806       NaN   -0.8363   -0.9806   -0.1347    0.1086    0.1173    0.9894    0.9893    1.0000   -0.9574   -0.9574   -0.9574    0.0009    0.0940       NaN    0.9920   -0.9920   -0.9920       NaN       NaN    0.9046    0.9046   -0.0635   -0.6063   -0.9920   -0.8482    0.9878       NaN    0.3851       NaN   -0.0635   -0.0635
Keff          0.8958    0.8958    0.9998    1.0000   -0.8184   -0.4998    0.9843       NaN   -0.8472   -0.9843   -0.1299    0.0887    0.0972    0.9863    0.9862    0.9997   -0.9515   -0.9515   -0.9515   -0.0157    0.0740       NaN    0.9944   -0.9944   -0.9944       NaN       NaN    0.8958    0.8958   -0.0836   -0.5902   -0.9944   -0.8588    0.9845       NaN    0.3665       NaN   -0.0836   -0.0836
L            -0.4777   -0.4777   -0.8066   -0.8184    1.0000    0.9068   -0.9070       NaN    0.9986    0.9070   -0.0310    0.4936    0.4908   -0.7135   -0.7130   -0.8050    0.6043    0.6043    0.6043    0.4857    0.5081       NaN   -0.8747    0.8747    0.8747       NaN       NaN   -0.4777   -0.4777    0.6399    0.0213    0.8747    0.9972   -0.7053       NaN    0.2311       NaN    0.6399    0.6399
I            -0.0627   -0.0627   -0.4822   -0.4998    0.9068    1.0000   -0.6448       NaN    0.8836    0.6448   -0.1420    0.8092    0.8111   -0.3517   -0.3510   -0.4797    0.2127    0.2127    0.2127    0.7206    0.8202       NaN   -0.5888    0.5888    0.5888       NaN       NaN   -0.0627   -0.0627    0.9031   -0.4009    0.5888    0.8730   -0.3408       NaN    0.6173       NaN    0.9031    0.9031
C             0.8033    0.8033    0.9806    0.9843   -0.9070   -0.6448    1.0000       NaN   -0.9276   -1.0000   -0.0857   -0.0865   -0.0794    0.9421    0.9418    0.9800   -0.8830   -0.8830   -0.8830   -0.1607   -0.1017       NaN    0.9975   -0.9975   -0.9975       NaN       NaN    0.8033    0.8033   -0.2577   -0.4392   -0.9975   -0.9357    0.9382       NaN    0.1977       NaN   -0.2577   -0.2577
G                NaN       NaN       NaN       NaN       NaN       NaN       NaN       NaN       NaN       NaN       NaN       NaN       NaN       NaN       NaN       NaN       NaN       NaN       NaN       NaN       NaN       NaN       NaN       NaN       NaN       NaN       NaN       NaN       NaN       NaN       NaN       NaN       NaN       NaN       NaN       NaN       NaN       NaN       NaN
Q            -0.5227   -0.5227   -0.8363   -0.8472    0.9986    0.8836   -0.9276       NaN    1.0000    0.9276   -0.0206    0.4484    0.4455   -0.7491   -0.7486   -0.8347    0.6452    0.6452    0.6452    0.4489    0.4631       NaN   -0.8987    0.8987    0.8987       NaN       NaN   -0.5227   -0.5227    0.5996    0.0736    0.8987    0.9997   -0.7411       NaN    0.1812       NaN    0.5996    0.5996
varrho       -0.8033   -0.8033   -0.9806   -0.9843    0.9070    0.6448   -1.0000       NaN    0.9276    1.0000    0.0857    0.0865    0.0794   -0.9421   -0.9418   -0.9800    0.8830    0.8830    0.8830    0.1607    0.1017       NaN   -0.9975    0.9975    0.9975       NaN       NaN   -0.8033   -0.8033    0.2577    0.4392    0.9975    0.9357   -0.9382       NaN   -0.1977       NaN    0.2577    0.2577
Lambda       -0.2226   -0.2226   -0.1347   -0.1299   -0.0310   -0.1420   -0.0857       NaN   -0.0206    0.0857    1.0000   -0.1387   -0.2915   -0.1542   -0.1543   -0.1355    0.1676    0.1676    0.1676    0.3445   -0.1530       NaN   -0.1038    0.1038    0.1038       NaN       NaN   -0.2226   -0.2226   -0.2627    0.2239    0.1038   -0.0109   -0.1795       NaN   -0.3291       NaN   -0.2627   -0.2627
Rk            0.5175    0.5175    0.1086    0.0887    0.4936    0.8092   -0.0865       NaN    0.4484    0.0865   -0.1387    1.0000    0.9873    0.2481    0.2488    0.1114   -0.3831   -0.3831   -0.3831    0.8811    0.9996       NaN   -0.0163    0.0163    0.0163       NaN       NaN    0.5175    0.5175    0.9731   -0.8435    0.0163    0.4287    0.2596       NaN    0.9441       NaN    0.9731    0.9731
R             0.5283    0.5283    0.1173    0.0972    0.4908    0.8111   -0.0794       NaN    0.4455    0.0794   -0.2915    0.9873    1.0000    0.2562    0.2568    0.1201   -0.3900   -0.3900   -0.3900    0.7965    0.9898       NaN   -0.0086    0.0086    0.0086       NaN       NaN    0.5283    0.5283    0.9836   -0.8490    0.0086    0.4251    0.2704       NaN    0.9608       NaN    0.9836    0.9836
N             0.9561    0.9561    0.9894    0.9863   -0.7135   -0.3517    0.9421       NaN   -0.7491   -0.9421   -0.1542    0.2481    0.2562    1.0000    1.0000    0.9898   -0.9892   -0.9892   -0.9892    0.1245    0.2344       NaN    0.9635   -0.9635   -0.9635       NaN       NaN    0.9561    0.9561    0.0784   -0.7150   -0.9635   -0.7634    0.9991       NaN    0.5099       NaN    0.0784    0.0784
Ne            0.9563    0.9563    0.9893    0.9862   -0.7130   -0.3510    0.9418       NaN   -0.7486   -0.9418   -0.1543    0.2488    0.2568    1.0000    1.0000    0.9897   -0.9893   -0.9893   -0.9893    0.1251    0.2351       NaN    0.9633   -0.9633   -0.9633       NaN       NaN    0.9563    0.9563    0.0791   -0.7155   -0.9633   -0.7630    0.9991       NaN    0.5105       NaN    0.0791    0.0791
Nn            0.9058    0.9058    1.0000    0.9997   -0.8050   -0.4797    0.9800       NaN   -0.8347   -0.9800   -0.1355    0.1114    0.1201    0.9898    0.9897    1.0000   -0.9582   -0.9582   -0.9582    0.0031    0.0968       NaN    0.9917   -0.9917   -0.9917       NaN       NaN    0.9058    0.9058   -0.0606   -0.6085   -0.9917   -0.8467    0.9882       NaN    0.3878       NaN   -0.0606   -0.0606
nu           -0.9872   -0.9872   -0.9574   -0.9515    0.6043    0.2127   -0.8830       NaN    0.6452    0.8830    0.1676   -0.3831   -0.3900   -0.9892   -0.9893   -0.9582    1.0000    1.0000    1.0000   -0.2476   -0.3706       NaN   -0.9140    0.9140    0.9140       NaN       NaN   -0.9872   -0.9872   -0.2191    0.8093    0.9140    0.6616   -0.9889       NaN   -0.6239       NaN   -0.2191   -0.2191
eta          -0.9872   -0.9872   -0.9574   -0.9515    0.6043    0.2127   -0.8830       NaN    0.6452    0.8830    0.1676   -0.3831   -0.3900   -0.9892   -0.9893   -0.9582    1.0000    1.0000    1.0000   -0.2476   -0.3706       NaN   -0.9140    0.9140    0.9140       NaN       NaN   -0.9872   -0.9872   -0.2191    0.8093    0.9140    0.6616   -0.9889       NaN   -0.6239       NaN   -0.2191   -0.2191
phi          -0.9872   -0.9872   -0.9574   -0.9515    0.6043    0.2127   -0.8830       NaN    0.6452    0.8830    0.1676   -0.3831   -0.3900   -0.9892   -0.9893   -0.9582    1.0000    1.0000    1.0000   -0.2476   -0.3706       NaN   -0.9140    0.9140    0.9140       NaN       NaN   -0.9872   -0.9872   -0.2191    0.8093    0.9140    0.6616   -0.9889       NaN   -0.6239       NaN   -0.2191   -0.2191
z             0.3516    0.3516    0.0009   -0.0157    0.4857    0.7206   -0.1607       NaN    0.4489    0.1607    0.3445    0.8811    0.7965    0.1245    0.1251    0.0031   -0.2476   -0.2476   -0.2476    1.0000    0.8745       NaN   -0.1029    0.1029    0.1029       NaN       NaN    0.3516    0.3516    0.8036   -0.6719    0.1029    0.4352    0.1238       NaN    0.7275       NaN    0.8036    0.8036
x             0.5062    0.5062    0.0940    0.0740    0.5081    0.8202   -0.1017       NaN    0.4631    0.1017   -0.1530    0.9996    0.9898    0.2344    0.2351    0.0968   -0.3706   -0.3706   -0.3706    0.8745    1.0000       NaN   -0.0313    0.0313    0.0313       NaN       NaN    0.5062    0.5062    0.9783   -0.8385    0.0313    0.4435    0.2458       NaN    0.9422       NaN    0.9783    0.9783
Pm               NaN       NaN       NaN       NaN       NaN       NaN       NaN       NaN       NaN       NaN       NaN       NaN       NaN       NaN       NaN       NaN       NaN       NaN       NaN       NaN       NaN       NaN       NaN       NaN       NaN       NaN       NaN       NaN       NaN       NaN       NaN       NaN       NaN       NaN       NaN       NaN       NaN       NaN       NaN
w             0.8436    0.8436    0.9920    0.9944   -0.8747   -0.5888    0.9975       NaN   -0.8987   -0.9975   -0.1038   -0.0163   -0.0086    0.9635    0.9633    0.9917   -0.9140   -0.9140   -0.9140   -0.1029   -0.0313       NaN    1.0000   -1.0000   -1.0000       NaN       NaN    0.8436    0.8436   -0.1886   -0.5017   -1.0000   -0.9082    0.9604       NaN    0.2665       NaN   -0.1886   -0.1886
VMPK         -0.8436   -0.8436   -0.9920   -0.9944    0.8747    0.5888   -0.9975       NaN    0.8987    0.9975    0.1038    0.0163    0.0086   -0.9635   -0.9633   -0.9917    0.9140    0.9140    0.9140    0.1029    0.0313       NaN   -1.0000    1.0000    1.0000       NaN       NaN   -0.8436   -0.8436    0.1886    0.5017    1.0000    0.9082   -0.9604       NaN   -0.2665       NaN    0.1886    0.1886
U            -0.8436   -0.8436   -0.9920   -0.9944    0.8747    0.5888   -0.9975       NaN    0.8987    0.9975    0.1038    0.0163    0.0086   -0.9635   -0.9633   -0.9917    0.9140    0.9140    0.9140    0.1029    0.0313       NaN   -1.0000    1.0000    1.0000       NaN       NaN   -0.8436   -0.8436    0.1886    0.5017    1.0000    0.9082   -0.9604       NaN   -0.2665       NaN    0.1886    0.1886
X                NaN       NaN       NaN       NaN       NaN       NaN       NaN       NaN       NaN       NaN       NaN       NaN       NaN       NaN       NaN       NaN       NaN       NaN       NaN       NaN       NaN       NaN       NaN       NaN       NaN       NaN       NaN       NaN       NaN       NaN       NaN       NaN       NaN       NaN       NaN       NaN       NaN       NaN       NaN
D                NaN       NaN       NaN       NaN       NaN       NaN       NaN       NaN       NaN       NaN       NaN       NaN       NaN       NaN       NaN       NaN       NaN       NaN       NaN       NaN       NaN       NaN       NaN       NaN       NaN       NaN       NaN       NaN       NaN       NaN       NaN       NaN       NaN       NaN       NaN       NaN       NaN       NaN       NaN
F             1.0000    1.0000    0.9046    0.8958   -0.4777   -0.0627    0.8033       NaN   -0.5227   -0.8033   -0.2226    0.5175    0.5283    0.9561    0.9563    0.9058   -0.9872   -0.9872   -0.9872    0.3516    0.5062       NaN    0.8436   -0.8436   -0.8436       NaN       NaN    1.0000    1.0000    0.3672   -0.8858   -0.8436   -0.5415    0.9595       NaN    0.7391       NaN    0.3672    0.3672
Z             1.0000    1.0000    0.9046    0.8958   -0.4777   -0.0627    0.8033       NaN   -0.5227   -0.8033   -0.2226    0.5175    0.5283    0.9561    0.9563    0.9058   -0.9872   -0.9872   -0.9872    0.3516    0.5062       NaN    0.8436   -0.8436   -0.8436       NaN       NaN    1.0000    1.0000    0.3672   -0.8858   -0.8436   -0.5415    0.9595       NaN    0.7391       NaN    0.3672    0.3672
i             0.3672    0.3672   -0.0635   -0.0836    0.6399    0.9031   -0.2577       NaN    0.5996    0.2577   -0.2627    0.9731    0.9836    0.0784    0.0791   -0.0606   -0.2191   -0.2191   -0.2191    0.8036    0.9783       NaN   -0.1886    0.1886    0.1886       NaN       NaN    0.3672    0.3672    1.0000   -0.7447    0.1886    0.5813    0.0925       NaN    0.8953       NaN    1.0000    1.0000
prem         -0.8858   -0.8858   -0.6063   -0.5902    0.0213   -0.4009   -0.4392       NaN    0.0736    0.4392    0.2239   -0.8435   -0.8490   -0.7150   -0.7155   -0.6085    0.8093    0.8093    0.8093   -0.6719   -0.8385       NaN   -0.5017    0.5017    0.5017       NaN       NaN   -0.8858   -0.8858   -0.7447    1.0000    0.5017    0.0951   -0.7200       NaN   -0.9505       NaN   -0.7447   -0.7447
delta        -0.8436   -0.8436   -0.9920   -0.9944    0.8747    0.5888   -0.9975       NaN    0.8987    0.9975    0.1038    0.0163    0.0086   -0.9635   -0.9633   -0.9917    0.9140    0.9140    0.9140    0.1029    0.0313       NaN   -1.0000    1.0000    1.0000       NaN       NaN   -0.8436   -0.8436    0.1886    0.5017    1.0000    0.9082   -0.9604       NaN   -0.2665       NaN    0.1886    0.1886
In           -0.5415   -0.5415   -0.8482   -0.8588    0.9972    0.8730   -0.9357       NaN    0.9997    0.9357   -0.0109    0.4287    0.4251   -0.7634   -0.7630   -0.8467    0.6616    0.6616    0.6616    0.4352    0.4435       NaN   -0.9082    0.9082    0.9082       NaN       NaN   -0.5415   -0.5415    0.5813    0.0951    0.9082    1.0000   -0.7559       NaN    0.1588       NaN    0.5813    0.5813
Welf          0.9595    0.9595    0.9878    0.9845   -0.7053   -0.3408    0.9382       NaN   -0.7411   -0.9382   -0.1795    0.2596    0.2704    0.9991    0.9991    0.9882   -0.9889   -0.9889   -0.9889    0.1238    0.2458       NaN    0.9604   -0.9604   -0.9604       NaN       NaN    0.9595    0.9595    0.0925   -0.7200   -0.9604   -0.7559    1.0000       NaN    0.5242       NaN    0.0925    0.0925
a                NaN       NaN       NaN       NaN       NaN       NaN       NaN       NaN       NaN       NaN       NaN       NaN       NaN       NaN       NaN       NaN       NaN       NaN       NaN       NaN       NaN       NaN       NaN       NaN       NaN       NaN       NaN       NaN       NaN       NaN       NaN       NaN       NaN       NaN       NaN       NaN       NaN       NaN       NaN
ksi           0.7391    0.7391    0.3851    0.3665    0.2311    0.6173    0.1977       NaN    0.1812   -0.1977   -0.3291    0.9441    0.9608    0.5099    0.5105    0.3878   -0.6239   -0.6239   -0.6239    0.7275    0.9422       NaN    0.2665   -0.2665   -0.2665       NaN       NaN    0.7391    0.7391    0.8953   -0.9505   -0.2665    0.1588    0.5242       NaN    1.0000       NaN    0.8953    0.8953
g                NaN       NaN       NaN       NaN       NaN       NaN       NaN       NaN       NaN       NaN       NaN       NaN       NaN       NaN       NaN       NaN       NaN       NaN       NaN       NaN       NaN       NaN       NaN       NaN       NaN       NaN       NaN       NaN       NaN       NaN       NaN       NaN       NaN       NaN       NaN       NaN       NaN       NaN       NaN
infl          0.3672    0.3672   -0.0635   -0.0836    0.6399    0.9031   -0.2577       NaN    0.5996    0.2577   -0.2627    0.9731    0.9836    0.0784    0.0791   -0.0606   -0.2191   -0.2191   -0.2191    0.8036    0.9783       NaN   -0.1886    0.1886    0.1886       NaN       NaN    0.3672    0.3672    1.0000   -0.7447    0.1886    0.5813    0.0925       NaN    0.8953       NaN    1.0000    1.0000
inflstar      0.3672    0.3672   -0.0635   -0.0836    0.6399    0.9031   -0.2577       NaN    0.5996    0.2577   -0.2627    0.9731    0.9836    0.0784    0.0791   -0.0606   -0.2191   -0.2191   -0.2191    0.8036    0.9783       NaN   -0.1886    0.1886    0.1886       NaN       NaN    0.3672    0.3672    1.0000   -0.7447    0.1886    0.5813    0.0925       NaN    0.8953       NaN    1.0000    1.0000


AUTOCORRELATION OF SIMULATED VARIABLES
VARIABLE          1        2        3        4        5
Y            0.9072   0.8330   0.7738   0.7329   0.7096
Ym           0.9072   0.8330   0.7738   0.7329   0.7096
K            0.9924   0.9762   0.9545   0.9300   0.9044
Keff         0.9931   0.9772   0.9557   0.9313   0.9056
L            0.8782   0.7799   0.7017   0.6488   0.6205
I            0.7160   0.5044   0.3506   0.2623   0.2346
C            0.9855   0.9636   0.9375   0.9102   0.8835
G               NaN      NaN      NaN      NaN      NaN
Q            0.8975   0.8128   0.7439   0.6954   0.6672
varrho       0.9855   0.9636   0.9375   0.9102   0.8835
Lambda       0.2828   0.1493   0.0387  -0.0170  -0.0016
Rk           0.5114   0.3072   0.1510   0.0624   0.0452
R            0.6399   0.3719   0.1780   0.0678   0.0354
N            0.9776   0.9530   0.9272   0.9024   0.8797
Ne           0.9775   0.9528   0.9269   0.9022   0.8795
Nn           0.9923   0.9760   0.9542   0.9297   0.9041
nu           0.9448   0.8998   0.8623   0.8342   0.8151
eta          0.9448   0.8998   0.8623   0.8342   0.8151
phi          0.9448   0.8998   0.8623   0.8342   0.8151
z            0.0643   0.0276  -0.0248  -0.0450  -0.0022
x            0.5260   0.3080   0.1441   0.0522   0.0340
Pm              NaN      NaN      NaN      NaN      NaN
w            0.9914   0.9739   0.9510   0.9255   0.8992
VMPK         0.9914   0.9739   0.9510   0.9255   0.8992
U            0.9914   0.9739   0.9510   0.9255   0.8992
X               NaN      NaN      NaN      NaN      NaN
D               NaN      NaN      NaN      NaN      NaN
F            0.9072   0.8330   0.7738   0.7329   0.7096
Z            0.9072   0.8330   0.7738   0.7329   0.7096
i            0.6394   0.3716   0.1784   0.0690   0.0376
prem         0.7085   0.5022   0.3598   0.2851   0.2718
delta        0.9914   0.9739   0.9510   0.9255   0.8992
In           0.9034   0.8228   0.7566   0.7095   0.6813
Welf         0.9779   0.9511   0.9220   0.8937   0.8675
a               NaN      NaN      NaN      NaN      NaN
ksi          0.6929   0.4594   0.2865   0.1840   0.1477
g               NaN      NaN      NaN      NaN      NaN
infl         0.6394   0.3716   0.1784   0.0690   0.0376
inflstar     0.6394   0.3716   0.1784   0.0690   0.0376



VARIANCE DECOMPOSITION SIMULATING ONE SHOCK AT A TIME (in percent)
                         e_a             e_ksi               e_g              e_Ne               e_i  Tot. lin. contr.
Y                       0.00            100.05              0.00              0.00              0.00            100.05
Ym                      0.00            100.05              0.00              0.00              0.00            100.05
K                       0.00            100.05              0.00              0.00              0.00            100.05
Keff                    0.00            100.05              0.00              0.00              0.00            100.05
L                       0.00            100.05              0.00              0.00              0.00            100.05
I                       0.00            100.05              0.00              0.00              0.00            100.05
C                       0.00            100.05              0.00              0.00              0.00            100.05
G                        NaN               NaN               NaN               NaN               NaN               NaN
Q                       0.00            100.05              0.00              0.00              0.00            100.05
varrho                  0.00            100.05              0.00              0.00              0.00            100.05
Lambda                  0.00            100.05              0.00              0.00              0.00            100.05
Rk                      0.00            100.05              0.00              0.00              0.00            100.05
R                       0.00            100.05              0.00              0.00              0.00            100.05
N                       0.00            100.05              0.00              0.00              0.00            100.05
Ne                      0.00            100.05              0.00              0.00              0.00            100.05
Nn                      0.00            100.05              0.00              0.00              0.00            100.05
nu                      0.00            100.05              0.00              0.00              0.00            100.05
eta                     0.00            100.05              0.00              0.00              0.00            100.05
phi                     0.00            100.05              0.00              0.00              0.00            100.05
z                       0.00            100.05              0.00              0.00              0.00            100.05
x                       0.00            100.05              0.00              0.00              0.00            100.05
Pm                       NaN               NaN               NaN               NaN               NaN               NaN
w                       0.00            100.05              0.00              0.00              0.00            100.05
VMPK                    0.00            100.05              0.00              0.00              0.00            100.05
U                       0.00            100.05              0.00              0.00              0.00            100.05
X                        NaN               NaN               NaN               NaN               NaN               NaN
D                        NaN               NaN               NaN               NaN               NaN               NaN
F                       0.00            100.05              0.00              0.00              0.00            100.05
Z                       0.00            100.05              0.00              0.00              0.00            100.05
i                       0.00            100.05              0.00              0.00              0.00            100.05
prem                    0.00            100.05              0.00              0.00              0.00            100.05
delta                   0.00            100.05              0.00              0.00              0.00            100.05
In                      0.00            100.05              0.00              0.00              0.00            100.05
Welf                    0.00            100.05              0.00              0.00              0.00            100.05
a                        NaN               NaN               NaN               NaN               NaN               NaN
ksi                     0.00            100.05              0.00              0.00              0.00            100.05
g                        NaN               NaN               NaN               NaN               NaN               NaN
infl                    0.00            100.05              0.00              0.00              0.00            100.05
inflstar                0.00            100.05              0.00              0.00              0.00            100.05
Note: numbers do not add up to 100 due to non-zero correlation of simulated shocks in small samples

Total computing time : 0h00m00s
