Starting Dynare (version 6.5).
Calling Dynare with arguments: none
Starting preprocessing of the model file ... 
Found 39 equation(s). 
Evaluating expressions... 
Computing static model derivatives (order 1). 
Normalizing the static model... 
Finding the optimal block decomposition of the static model... 
15 block(s) found: 
  14 recursive block(s) and 1 simultaneous block(s). 
  the largest simultaneous block has 25 equation(s) 
                                 and 25 feedback variable(s). 
Computing dynamic model derivatives (order 1). 
Normalizing the dynamic model... 
Finding the optimal block decomposition of the dynamic model... 
8 block(s) found: 
  7 recursive block(s) and 1 simultaneous block(s). 
  the largest simultaneous block has 29 equation(s) 
                                 and 29 feedback variable(s). 
Preprocessing completed. 
Preprocessing time: 0h00m00s.

EIGENVALUES:
         Modulus             Real        Imaginary
               0                0                0
               0                0                0
               0                0                0
       1.874e-17        1.874e-17                0
       2.297e-17       -2.297e-17                0
       4.373e-17       -4.373e-17                0
        4.28e-16         4.28e-16                0
       4.784e-16       -4.784e-16                0
            0.66             0.66                0
          0.8504           0.8504                0
            0.95             0.95                0
            0.95             0.95                0
          0.9704           0.9704                0
            1.01             1.01                0
           1.019            1.019                0
           1.041            1.041                0
             1.5              1.5                0
       1.985e+16       -1.985e+16                0
        1.01e+17         1.01e+17                0
       2.402e+17       -2.402e+17                0
       4.046e+17       -4.046e+17                0
        5.49e+21        -5.49e+21                0
       1.372e+31        1.372e+31                0
             Inf              Inf                0

There are 11 eigenvalue(s) larger than 1 in modulus for 11 forward-looking variable(s)
The rank condition is verified.


STEADY-STATE RESULTS:

Y        		 -0.164706
Ym       		 -0.164706
K        		 1.73119
Keff     		 1.73119
L        		 -1.09861
I        		 -1.95737
C        		 -0.621578
G        		 -1.77339
Q        		 0.00458301
varrho   		 0.621578
Lambda   		 0
Rk       		 0.0125223
R        		 0.0100503
N        		 0.349481
Ne       		 0.34053
Nn       		 -4.37097
nu       		 -5.58873
eta      		 0.412786
phi      		 1.38629
z        		 0.0199017
x        		 0.0199017
Pm       		 -0.274412
w        		 0.259017
VMPK     		 -3.27897
U        		 0.000213616
X        		 0.274412
D        		 0
F        		 -0.439118
Z        		 -0.164706
i        		 0.0100503
prem     		 0.00247194
delta    		 -3.68856
In       		 0
Welf     		 -127.954
a        		 0
ksi      		 0
g        		 0
infl     		 -2e-10
inflstar 		 -2e-10

MODEL SUMMARY

  Number of variables:         39
  Number of stochastic shocks: 5
  Number of state variables:   13
  Number of jumpers:           11
  Number of static variables:  17


MATRIX OF COVARIANCE OF EXOGENOUS SHOCKS
Variables         e_a     e_ksi       e_g      e_Ne       e_i
e_a          0.000000  0.000000  0.000000  0.000000  0.000000
e_ksi        0.000000  0.002500  0.000000  0.000000  0.000000
e_g          0.000000  0.000000  0.000000  0.000000  0.000000
e_Ne         0.000000  0.000000  0.000000  0.000000  0.000000
e_i          0.000000  0.000000  0.000000  0.000000  0.000000

POLICY AND TRANSITION FUNCTIONS
                                   Y              Ym               K            Keff               L               I               C               G               Q          varrho          Lambda              Rk               R               N              Ne              Nn              nu             eta             phi               z               x              Pm               w            VMPK               U               X               D               F               Z               i            prem           delta              In            Welf               a             ksi               g            infl        inflstar
Constant                   -0.164706       -0.164706        1.731192        1.731192       -1.098612       -1.957366       -0.621578       -1.773387        0.004583        0.621578               0        0.012522        0.010050        0.349481        0.340530       -4.370975       -5.588729        0.412786        1.386294        0.019902        0.019902       -0.274412        0.259017       -3.278971        0.000214        0.274412               0       -0.439118       -0.164706        0.010050        0.002472       -3.688558               0     -127.953864               0               0               0               0               0
K(-1)                       0.301906        0.301906        0.944575        1.000000               0       -1.344499        0.833006               0       -0.058363       -0.833005       -0.833005       -0.080334       -0.071846       -0.307739       -0.318972        0.941637        2.269955        1.171479        1.193951       -0.318972        0.874979               0        0.301906       -0.698093       -0.085133               0               0        0.301906        0.301906       -0.172711        0.056717       -0.128227       -0.313004       13.673074               0               0               0       -0.115141       -0.115141
Q(-1)                              0               0       -0.064722               0               0       -2.588061        0.683659               0       -0.064426       -0.683659       -0.683659       -1.063625       -0.138563       -4.186159       -4.223219       -0.064426        7.713241        3.980650        4.057011       -4.223219       -0.166208               0               0               0               0               0               0               0               0       -0.315262        0.152442               0       -0.365512       -1.451549               0               0               0       -0.210175       -0.210175
varrho(-1)                         0               0               0               0               0               0               0               0               0               0       -1.000000               0               0               0               0               0               0               0               0               0               0               0               0               0               0               0               0               0               0               0               0               0               0               0               0               0               0               0               0
R(-1)                              0               0       -0.048422               0               0       -1.936254        0.511478               0       -0.048200       -0.511478       -0.511478       -0.047601       -0.103665       -3.131868       -3.159594       -0.048200        5.770648        2.978116        3.035246       -3.159594       -0.124348               0               0               0               0               0               0               0               0       -0.235863        0.114049               0       -0.273457       -1.085974               0               0               0       -0.157242       -0.157242
N(-1)                              0               0        0.016300               0               0        0.651808       -0.172181               0        0.016226        0.172181        0.172181        0.016024        0.034897        1.054291        1.063625        0.016226       -1.942592       -1.002533       -1.021765        0.063625       -0.958140               0               0               0               0               0               0               0               0        0.079399       -0.038393               0        0.092055        0.365575               0               0               0        0.052933        0.052933
phi(-1)                            0               0        0.000160               0               0        0.006390       -0.001688               0        0.000159        0.001688        0.001688        0.000157        0.000342        0.010335        0.010427        0.000159       -0.019043       -0.009828       -0.010016        0.010427       -0.999590               0               0               0               0               0               0               0               0        0.000778       -0.000376               0        0.000902        0.003584               0               0               0        0.000519        0.000519
a(-1)                       0.989835        0.989835        0.097533               0               0        4.081867        0.484813               0        0.101613       -0.484813       -0.484813        0.132530        0.075871        0.522440        0.526223        0.101613       -0.614651       -0.317209       -0.323294        0.526223        0.202929               0        0.989835        0.989833        0.120712               0               0        0.989835        0.989835        0.160476       -0.061171        0.181815        0.550804       29.670442        0.950000               0               0        0.106984        0.106984
ksi(-1)                     0.199258        0.199258        0.695913        0.660000               0        2.011419       -0.216680               0        0.050072        0.216680        0.216680        0.694469        0.448963        2.739207        2.757451        0.710072       -3.789540       -1.955706       -1.993222        2.757451        0.764229               0        0.199258       -0.460741       -0.056188               0               0        0.199258        0.199258        0.770849       -0.077568       -0.084630        0.202813       27.793111               0        0.660000               0        0.513899        0.513899
g(-1)                              0               0       -0.014376               0               0       -0.574870       -0.148404        0.950000       -0.014311        0.148404        0.148404       -0.014133       -0.009799       -0.055742       -0.056115       -0.014311        0.051437        0.026546        0.027055       -0.056115       -0.029060               0               0               0               0               0               0               0               0       -0.017813        0.012326               0       -0.081189       -5.579602               0               0        0.950000       -0.011876       -0.011876
e_a                        -1.041931       -1.041931       -0.102666               0               0       -4.296702       -0.510329               0       -0.106961        0.510329        0.510329       -0.139506       -0.079864       -0.549936       -0.553919       -0.106961        0.647001        0.333904        0.340310       -0.553919       -0.213610               0       -1.041931       -1.041930       -0.127065               0               0       -1.041931       -1.041931       -0.168922        0.064391       -0.191384       -0.579794      -31.232044       -1.000000               0               0       -0.112615       -0.112615
e_ksi                      -0.301906       -0.301906       -1.054413       -1.000000               0       -3.047604        0.328304               0       -0.075866       -0.328304       -0.328304       -1.052225       -0.680247       -4.150313       -4.177956       -1.075866        5.741727        2.963191        3.020034       -4.177956       -1.157922               0       -0.301906        0.698093        0.085133               0               0       -0.301906       -0.301906       -1.167953        0.117527        0.128227       -0.307293      -42.110775               0       -1.000000               0       -0.778636       -0.778636
e_g                                0               0        0.015133               0               0        0.605127        0.156215       -1.000000        0.015064       -0.156215       -0.156215        0.014876        0.010315        0.058676        0.059068        0.015064       -0.054145       -0.027943       -0.028479        0.059068        0.030589               0               0               0               0               0               0               0               0        0.018751       -0.012975               0        0.085462        5.873265               0               0       -1.000000        0.012501        0.012501
e_Ne                               0               0       -0.016300               0               0       -0.651808        0.172181               0       -0.016226       -0.172181       -0.172181       -0.016024       -0.034897       -1.054291       -1.063625       -0.016226        1.942592        1.002533        1.021765       -0.063625        0.958140               0               0               0               0               0               0               0               0       -0.079399        0.038393               0       -0.092055       -0.365575               0               0               0       -0.052933       -0.052933
e_i                                0               0               0               0               0               0               0               0               0               0               0               0               0               0               0               0               0               0               0               0               0               0               0               0               0               0               0               0               0               0               0               0               0               0               0               0               0       -0.666667       -0.666667


MOMENTS OF SIMULATED VARIABLES
VARIABLE              MEAN       STD. DEV.        VARIANCE        SKEWNESS        KURTOSIS
Y                -0.152627        0.218894        0.047915       -0.481112        0.738984
Ym               -0.152627        0.218894        0.047915       -0.481112        0.738984
K                 1.770099        0.705878        0.498264       -0.480321        0.736648
Keff              1.771203        0.725040        0.525683       -0.481112        0.738984
L                -1.098612        0.000000        0.000000             NaN             NaN
I                -1.966639        0.260642        0.067934        0.146149        0.086760
C                -0.600010        0.386626        0.149480       -0.479235        0.741700
G                -1.773387        0.000000        0.000000             NaN             NaN
Q                 0.003376        0.022049        0.000486        0.437006        0.641656
varrho            0.600011        0.386626        0.149480        0.479235        0.741700
Lambda            0.000095        0.047872        0.002292        0.009243        0.042563
Rk                0.012421        0.065553        0.004297        0.028033        0.160733
R                 0.009968        0.045654        0.002084        0.057495        0.166378
N                 0.407088        1.092551        1.193668       -0.439749        0.628410
Ne                0.398306        1.096128        1.201497       -0.439415        0.627594
Nn               -4.332171        0.704223        0.495930       -0.480140        0.736166
nu               -5.626577        0.815859        0.665626        0.319004        0.376549
eta               0.393253        0.421049        0.177282        0.319004        0.376549
phi               1.366387        0.429126        0.184149        0.319004        0.376549
z                 0.019377        0.208596        0.043512       -0.105921        0.185319
x                 0.019758        0.072801        0.005300        0.033528        0.160585
Pm               -0.274412        0.000000        0.000000             NaN             NaN
w                 0.271097        0.218894        0.047915       -0.481112        0.738984
VMPK             -3.306903        0.506145        0.256183        0.481112        0.738984
U                -0.003193        0.061725        0.003810        0.481112        0.738984
X                 0.274412        0.000000        0.000000             NaN             NaN
D                 0.000000        0.000000        0.000000             NaN             NaN
F                -0.427038        0.218894        0.047915       -0.481112        0.738984
Z                -0.152627        0.218894        0.047915       -0.481112        0.738984
i                 0.009201        0.079511        0.006322        0.062495        0.148668
prem              0.002186        0.010024        0.000100        0.056284        0.104160
delta            -3.693688        0.092970        0.008643        0.481112        0.738984
In               -0.006236        0.112821        0.012729        0.453545        0.682010
Welf           -127.361266       11.114123      123.523726       -0.451244        0.666609
a                 0.000000        0.000000        0.000000             NaN             NaN
ksi               0.000791        0.068592        0.004705        0.030862        0.146760
g                 0.000000        0.000000        0.000000             NaN             NaN
infl             -0.000566        0.053007        0.002810        0.062495        0.148668
inflstar         -0.000566        0.053007        0.002810        0.062495        0.148668


CORRELATION OF SIMULATED VARIABLES
VARIABLE           Y        Ym         K      Keff         L         I         C         G         Q    varrho    Lambda        Rk         R         N        Ne        Nn        nu       eta       phi         z         x        Pm         w      VMPK         U         X         D         F         Z         i      prem     delta        In      Welf         a       ksi         g      infl  inflstar
Y             1.0000    1.0000    1.0000    1.0000       NaN   -0.5181    0.9883       NaN   -0.9458   -0.9883   -0.1255    0.0852    0.0973    0.9848    0.9847    0.9999   -0.9111   -0.9111   -0.9111   -0.0202    0.0816       NaN    1.0000   -1.0000   -1.0000       NaN       NaN    1.0000    1.0000   -0.0615   -0.6436   -1.0000   -0.9603    0.9867       NaN    0.3263       NaN   -0.0615   -0.0615
Ym            1.0000    1.0000    1.0000    1.0000       NaN   -0.5181    0.9883       NaN   -0.9458   -0.9883   -0.1255    0.0852    0.0973    0.9848    0.9847    0.9999   -0.9111   -0.9111   -0.9111   -0.0202    0.0816       NaN    1.0000   -1.0000   -1.0000       NaN       NaN    1.0000    1.0000   -0.0615   -0.6436   -1.0000   -0.9603    0.9867       NaN    0.3263       NaN   -0.0615   -0.0615
K             1.0000    1.0000    1.0000    1.0000       NaN   -0.5113    0.9871       NaN   -0.9432   -0.9871   -0.1286    0.0930    0.1051    0.9862    0.9860    1.0000   -0.9143   -0.9143   -0.9143   -0.0139    0.0894       NaN    1.0000   -1.0000   -1.0000       NaN       NaN    1.0000    1.0000   -0.0537   -0.6496   -1.0000   -0.9580    0.9879       NaN    0.3338       NaN   -0.0537   -0.0537
Keff          1.0000    1.0000    1.0000    1.0000       NaN   -0.5181    0.9883       NaN   -0.9458   -0.9883   -0.1255    0.0852    0.0973    0.9848    0.9847    0.9999   -0.9111   -0.9111   -0.9111   -0.0202    0.0816       NaN    1.0000   -1.0000   -1.0000       NaN       NaN    1.0000    1.0000   -0.0615   -0.6436   -1.0000   -0.9603    0.9867       NaN    0.3263       NaN   -0.0615   -0.0615
L                NaN       NaN       NaN       NaN       NaN       NaN       NaN       NaN       NaN       NaN       NaN       NaN       NaN       NaN       NaN       NaN       NaN       NaN       NaN       NaN       NaN       NaN       NaN       NaN       NaN       NaN       NaN       NaN       NaN       NaN       NaN       NaN       NaN       NaN       NaN       NaN       NaN       NaN       NaN
I            -0.5181   -0.5181   -0.5113   -0.5181       NaN    1.0000   -0.6425       NaN    0.7678    0.6425   -0.2731    0.8016    0.8000   -0.3620   -0.3612   -0.5094    0.1201    0.1201    0.1201    0.6854    0.8050       NaN   -0.5181    0.5181    0.5181       NaN       NaN   -0.5181   -0.5181    0.8849   -0.3205    0.5181    0.7362   -0.3722       NaN    0.6380       NaN    0.8849    0.8849
C             0.9883    0.9883    0.9871    0.9883       NaN   -0.6425    1.0000       NaN   -0.9842   -1.0000   -0.0637   -0.0666   -0.0555    0.9469    0.9466    0.9867   -0.8377   -0.8377   -0.8377   -0.1403   -0.0704       NaN    0.9883   -0.9883   -0.9883       NaN       NaN    0.9883    0.9883   -0.2129   -0.5195   -0.9883   -0.9916    0.9503       NaN    0.1786       NaN   -0.2129   -0.2129
G                NaN       NaN       NaN       NaN       NaN       NaN       NaN       NaN       NaN       NaN       NaN       NaN       NaN       NaN       NaN       NaN       NaN       NaN       NaN       NaN       NaN       NaN       NaN       NaN       NaN       NaN       NaN       NaN       NaN       NaN       NaN       NaN       NaN       NaN       NaN       NaN       NaN       NaN       NaN
Q            -0.9458   -0.9458   -0.9432   -0.9458       NaN    0.7678   -0.9842       NaN    1.0000    0.9842   -0.0076    0.2410    0.2311   -0.8752   -0.8747   -0.9424    0.7281    0.7281    0.7281    0.2769    0.2449       NaN   -0.9458    0.9458    0.9458       NaN       NaN   -0.9458   -0.9458    0.3823    0.3605    0.9458    0.9988   -0.8804       NaN   -0.0019       NaN    0.3823    0.3823
varrho       -0.9883   -0.9883   -0.9871   -0.9883       NaN    0.6425   -1.0000       NaN    0.9842    1.0000    0.0637    0.0666    0.0555   -0.9469   -0.9466   -0.9867    0.8377    0.8377    0.8377    0.1403    0.0704       NaN   -0.9883    0.9883    0.9883       NaN       NaN   -0.9883   -0.9883    0.2129    0.5195    0.9883    0.9916   -0.9503       NaN   -0.1786       NaN    0.2129    0.2129
Lambda       -0.1255   -0.1255   -0.1286   -0.1255       NaN   -0.2731   -0.0637       NaN   -0.0076    0.0637    1.0000   -0.3004   -0.3845   -0.1966   -0.1969   -0.1294    0.2885    0.2885    0.2885    0.2469   -0.3113       NaN   -0.1255    0.1255    0.1255       NaN       NaN   -0.1255   -0.1255   -0.3679    0.3986    0.1255    0.0102   -0.1838       NaN   -0.3872       NaN   -0.3679   -0.3679
Rk            0.0852    0.0852    0.0930    0.0852       NaN    0.8016   -0.0666       NaN    0.2410    0.0666   -0.3004    1.0000    0.9959    0.2543    0.2552    0.0953   -0.4821   -0.4821   -0.4821    0.8494    0.9999       NaN    0.0852   -0.0852   -0.0852       NaN       NaN    0.0852    0.0852    0.9849   -0.8076   -0.0852    0.1941    0.2457       NaN    0.9666       NaN    0.9849    0.9849
R             0.0973    0.0973    0.1051    0.0973       NaN    0.8000   -0.0555       NaN    0.2311    0.0555   -0.3845    0.9959    1.0000    0.2677    0.2686    0.1074   -0.4967   -0.4967   -0.4967    0.7987    0.9969       NaN    0.0973   -0.0973   -0.0973       NaN       NaN    0.0973    0.0973    0.9874   -0.8215   -0.0973    0.1841    0.2580       NaN    0.9724       NaN    0.9874    0.9874
N             0.9848    0.9848    0.9862    0.9848       NaN   -0.3620    0.9469       NaN   -0.8752   -0.9469   -0.1966    0.2543    0.2677    1.0000    1.0000    0.9865   -0.9688   -0.9688   -0.9688    0.1134    0.2512       NaN    0.9848   -0.9848   -0.9848       NaN       NaN    0.9848    0.9848    0.1119   -0.7667   -0.9848   -0.8973    0.9998       NaN    0.4844       NaN    0.1119    0.1119
Ne            0.9847    0.9847    0.9860    0.9847       NaN   -0.3612    0.9466       NaN   -0.8747   -0.9466   -0.1969    0.2552    0.2686    1.0000    1.0000    0.9864   -0.9690   -0.9690   -0.9690    0.1142    0.2521       NaN    0.9847   -0.9847   -0.9847       NaN       NaN    0.9847    0.9847    0.1128   -0.7673   -0.9847   -0.8969    0.9998       NaN    0.4852       NaN    0.1128    0.1128
Nn            0.9999    0.9999    1.0000    0.9999       NaN   -0.5094    0.9867       NaN   -0.9424   -0.9867   -0.1294    0.0953    0.1074    0.9865    0.9864    1.0000   -0.9152   -0.9152   -0.9152   -0.0121    0.0917       NaN    0.9999   -0.9999   -0.9999       NaN       NaN    0.9999    0.9999   -0.0514   -0.6514   -0.9999   -0.9574    0.9883       NaN    0.3359       NaN   -0.0514   -0.0514
nu           -0.9111   -0.9111   -0.9143   -0.9111       NaN    0.1201   -0.8377       NaN    0.7281    0.8377    0.2885   -0.4821   -0.4967   -0.9688   -0.9690   -0.9152    1.0000    1.0000    1.0000   -0.2975   -0.4798       NaN   -0.9111    0.9111    0.9111       NaN       NaN   -0.9111   -0.9111   -0.3534    0.9018    0.9111    0.7601   -0.9656       NaN   -0.6843       NaN   -0.3534   -0.3534
eta          -0.9111   -0.9111   -0.9143   -0.9111       NaN    0.1201   -0.8377       NaN    0.7281    0.8377    0.2885   -0.4821   -0.4967   -0.9688   -0.9690   -0.9152    1.0000    1.0000    1.0000   -0.2975   -0.4798       NaN   -0.9111    0.9111    0.9111       NaN       NaN   -0.9111   -0.9111   -0.3534    0.9018    0.9111    0.7601   -0.9656       NaN   -0.6843       NaN   -0.3534   -0.3534
phi          -0.9111   -0.9111   -0.9143   -0.9111       NaN    0.1201   -0.8377       NaN    0.7281    0.8377    0.2885   -0.4821   -0.4967   -0.9688   -0.9690   -0.9152    1.0000    1.0000    1.0000   -0.2975   -0.4798       NaN   -0.9111    0.9111    0.9111       NaN       NaN   -0.9111   -0.9111   -0.3534    0.9018    0.9111    0.7601   -0.9656       NaN   -0.6843       NaN   -0.3534   -0.3534
z            -0.0202   -0.0202   -0.0139   -0.0202       NaN    0.6854   -0.1403       NaN    0.2769    0.1403    0.2469    0.8494    0.7987    0.1134    0.1142   -0.0121   -0.2975   -0.2975   -0.2975    1.0000    0.8434       NaN   -0.0202    0.0202    0.0202       NaN       NaN   -0.0202   -0.0202    0.8026   -0.5784    0.0202    0.2396    0.1117       NaN    0.7587       NaN    0.8026    0.8026
x             0.0816    0.0816    0.0894    0.0816       NaN    0.8050   -0.0704       NaN    0.2449    0.0704   -0.3113    0.9999    0.9969    0.2512    0.2521    0.0917   -0.4798   -0.4798   -0.4798    0.8434    1.0000       NaN    0.0816   -0.0816   -0.0816       NaN       NaN    0.0816    0.0816    0.9865   -0.8071   -0.0816    0.1981    0.2423       NaN    0.9665       NaN    0.9865    0.9865
Pm               NaN       NaN       NaN       NaN       NaN       NaN       NaN       NaN       NaN       NaN       NaN       NaN       NaN       NaN       NaN       NaN       NaN       NaN       NaN       NaN       NaN       NaN       NaN       NaN       NaN       NaN       NaN       NaN       NaN       NaN       NaN       NaN       NaN       NaN       NaN       NaN       NaN       NaN       NaN
w             1.0000    1.0000    1.0000    1.0000       NaN   -0.5181    0.9883       NaN   -0.9458   -0.9883   -0.1255    0.0852    0.0973    0.9848    0.9847    0.9999   -0.9111   -0.9111   -0.9111   -0.0202    0.0816       NaN    1.0000   -1.0000   -1.0000       NaN       NaN    1.0000    1.0000   -0.0615   -0.6436   -1.0000   -0.9603    0.9867       NaN    0.3263       NaN   -0.0615   -0.0615
VMPK         -1.0000   -1.0000   -1.0000   -1.0000       NaN    0.5181   -0.9883       NaN    0.9458    0.9883    0.1255   -0.0852   -0.0973   -0.9848   -0.9847   -0.9999    0.9111    0.9111    0.9111    0.0202   -0.0816       NaN   -1.0000    1.0000    1.0000       NaN       NaN   -1.0000   -1.0000    0.0615    0.6436    1.0000    0.9603   -0.9867       NaN   -0.3263       NaN    0.0615    0.0615
U            -1.0000   -1.0000   -1.0000   -1.0000       NaN    0.5181   -0.9883       NaN    0.9458    0.9883    0.1255   -0.0852   -0.0973   -0.9848   -0.9847   -0.9999    0.9111    0.9111    0.9111    0.0202   -0.0816       NaN   -1.0000    1.0000    1.0000       NaN       NaN   -1.0000   -1.0000    0.0615    0.6436    1.0000    0.9603   -0.9867       NaN   -0.3263       NaN    0.0615    0.0615
X                NaN       NaN       NaN       NaN       NaN       NaN       NaN       NaN       NaN       NaN       NaN       NaN       NaN       NaN       NaN       NaN       NaN       NaN       NaN       NaN       NaN       NaN       NaN       NaN       NaN       NaN       NaN       NaN       NaN       NaN       NaN       NaN       NaN       NaN       NaN       NaN       NaN       NaN       NaN
D                NaN       NaN       NaN       NaN       NaN       NaN       NaN       NaN       NaN       NaN       NaN       NaN       NaN       NaN       NaN       NaN       NaN       NaN       NaN       NaN       NaN       NaN       NaN       NaN       NaN       NaN       NaN       NaN       NaN       NaN       NaN       NaN       NaN       NaN       NaN       NaN       NaN       NaN       NaN
F             1.0000    1.0000    1.0000    1.0000       NaN   -0.5181    0.9883       NaN   -0.9458   -0.9883   -0.1255    0.0852    0.0973    0.9848    0.9847    0.9999   -0.9111   -0.9111   -0.9111   -0.0202    0.0816       NaN    1.0000   -1.0000   -1.0000       NaN       NaN    1.0000    1.0000   -0.0615   -0.6436   -1.0000   -0.9603    0.9867       NaN    0.3263       NaN   -0.0615   -0.0615
Z             1.0000    1.0000    1.0000    1.0000       NaN   -0.5181    0.9883       NaN   -0.9458   -0.9883   -0.1255    0.0852    0.0973    0.9848    0.9847    0.9999   -0.9111   -0.9111   -0.9111   -0.0202    0.0816       NaN    1.0000   -1.0000   -1.0000       NaN       NaN    1.0000    1.0000   -0.0615   -0.6436   -1.0000   -0.9603    0.9867       NaN    0.3263       NaN   -0.0615   -0.0615
i            -0.0615   -0.0615   -0.0537   -0.0615       NaN    0.8849   -0.2129       NaN    0.3823    0.2129   -0.3679    0.9849    0.9874    0.1119    0.1128   -0.0514   -0.3534   -0.3534   -0.3534    0.8026    0.9865       NaN   -0.0615    0.0615    0.0615       NaN       NaN   -0.0615   -0.0615    1.0000   -0.7217    0.0615    0.3374    0.1017       NaN    0.9232       NaN    1.0000    1.0000
prem         -0.6436   -0.6436   -0.6496   -0.6436       NaN   -0.3205   -0.5195       NaN    0.3605    0.5195    0.3986   -0.8076   -0.8215   -0.7667   -0.7673   -0.6514    0.9018    0.9018    0.9018   -0.5784   -0.8071       NaN   -0.6436    0.6436    0.6436       NaN       NaN   -0.6436   -0.6436   -0.7217    1.0000    0.6436    0.4047   -0.7590       NaN   -0.9297       NaN   -0.7217   -0.7217
delta        -1.0000   -1.0000   -1.0000   -1.0000       NaN    0.5181   -0.9883       NaN    0.9458    0.9883    0.1255   -0.0852   -0.0973   -0.9848   -0.9847   -0.9999    0.9111    0.9111    0.9111    0.0202   -0.0816       NaN   -1.0000    1.0000    1.0000       NaN       NaN   -1.0000   -1.0000    0.0615    0.6436    1.0000    0.9603   -0.9867       NaN   -0.3263       NaN    0.0615    0.0615
In           -0.9603   -0.9603   -0.9580   -0.9603       NaN    0.7362   -0.9916       NaN    0.9988    0.9916    0.0102    0.1941    0.1841   -0.8973   -0.8969   -0.9574    0.7601    0.7601    0.7601    0.2396    0.1981       NaN   -0.9603    0.9603    0.9603       NaN       NaN   -0.9603   -0.9603    0.3374    0.4047    0.9603    1.0000   -0.9021       NaN   -0.0500       NaN    0.3374    0.3374
Welf          0.9867    0.9867    0.9879    0.9867       NaN   -0.3722    0.9503       NaN   -0.8804   -0.9503   -0.1838    0.2457    0.2580    0.9998    0.9998    0.9883   -0.9656   -0.9656   -0.9656    0.1117    0.2423       NaN    0.9867   -0.9867   -0.9867       NaN       NaN    0.9867    0.9867    0.1017   -0.7590   -0.9867   -0.9021    1.0000       NaN    0.4758       NaN    0.1017    0.1017
a                NaN       NaN       NaN       NaN       NaN       NaN       NaN       NaN       NaN       NaN       NaN       NaN       NaN       NaN       NaN       NaN       NaN       NaN       NaN       NaN       NaN       NaN       NaN       NaN       NaN       NaN       NaN       NaN       NaN       NaN       NaN       NaN       NaN       NaN       NaN       NaN       NaN       NaN       NaN
ksi           0.3263    0.3263    0.3338    0.3263       NaN    0.6380    0.1786       NaN   -0.0019   -0.1786   -0.3872    0.9666    0.9724    0.4844    0.4852    0.3359   -0.6843   -0.6843   -0.6843    0.7587    0.9665       NaN    0.3263   -0.3263   -0.3263       NaN       NaN    0.3263    0.3263    0.9232   -0.9297   -0.3263   -0.0500    0.4758       NaN    1.0000       NaN    0.9232    0.9232
g                NaN       NaN       NaN       NaN       NaN       NaN       NaN       NaN       NaN       NaN       NaN       NaN       NaN       NaN       NaN       NaN       NaN       NaN       NaN       NaN       NaN       NaN       NaN       NaN       NaN       NaN       NaN       NaN       NaN       NaN       NaN       NaN       NaN       NaN       NaN       NaN       NaN       NaN       NaN
infl         -0.0615   -0.0615   -0.0537   -0.0615       NaN    0.8849   -0.2129       NaN    0.3823    0.2129   -0.3679    0.9849    0.9874    0.1119    0.1128   -0.0514   -0.3534   -0.3534   -0.3534    0.8026    0.9865       NaN   -0.0615    0.0615    0.0615       NaN       NaN   -0.0615   -0.0615    1.0000   -0.7217    0.0615    0.3374    0.1017       NaN    0.9232       NaN    1.0000    1.0000
inflstar     -0.0615   -0.0615   -0.0537   -0.0615       NaN    0.8849   -0.2129       NaN    0.3823    0.2129   -0.3679    0.9849    0.9874    0.1119    0.1128   -0.0514   -0.3534   -0.3534   -0.3534    0.8026    0.9865       NaN   -0.0615    0.0615    0.0615       NaN       NaN   -0.0615   -0.0615    1.0000   -0.7217    0.0615    0.3374    0.1017       NaN    0.9232       NaN    1.0000    1.0000


AUTOCORRELATION OF SIMULATED VARIABLES
VARIABLE          1        2        3        4        5
Y            0.9947   0.9833   0.9677   0.9497   0.9305
Ym           0.9947   0.9833   0.9677   0.9497   0.9305
K            0.9945   0.9829   0.9671   0.9490   0.9298
Keff         0.9947   0.9833   0.9677   0.9497   0.9305
L               NaN      NaN      NaN      NaN      NaN
I            0.7840   0.6158   0.4879   0.4084   0.3748
C            0.9918   0.9785   0.9617   0.9432   0.9242
G               NaN      NaN      NaN      NaN      NaN
Q            0.9706   0.9415   0.9135   0.8890   0.8687
varrho       0.9918   0.9785   0.9617   0.9432   0.9242
Lambda       0.3738   0.2259   0.1049   0.0388   0.0410
Rk           0.6059   0.3739   0.2004   0.0996   0.0701
R            0.6727   0.4235   0.2388   0.1291   0.0902
N            0.9815   0.9594   0.9355   0.9124   0.8909
Ne           0.9814   0.9592   0.9353   0.9120   0.8906
Nn           0.9944   0.9827   0.9669   0.9488   0.9296
nu           0.9366   0.8796   0.8296   0.7907   0.7636
eta          0.9366   0.8796   0.8296   0.7907   0.7636
phi          0.9366   0.8796   0.8296   0.7907   0.7636
z            0.1156   0.0506  -0.0182  -0.0471  -0.0098
x            0.6150   0.3822   0.2080   0.1062   0.0753
Pm              NaN      NaN      NaN      NaN      NaN
w            0.9947   0.9833   0.9677   0.9497   0.9305
VMPK         0.9947   0.9833   0.9677   0.9497   0.9305
U            0.9947   0.9833   0.9677   0.9497   0.9305
X               NaN      NaN      NaN      NaN      NaN
D               NaN      NaN      NaN      NaN      NaN
F            0.9947   0.9833   0.9677   0.9497   0.9305
Z            0.9947   0.9833   0.9677   0.9497   0.9305
i            0.6771   0.4308   0.2481   0.1394   0.1005
prem         0.8126   0.6619   0.5436   0.4658   0.4276
delta        0.9947   0.9833   0.9677   0.9497   0.9305
In           0.9785   0.9553   0.9316   0.9094   0.8897
Welf         0.9817   0.9606   0.9382   0.9165   0.8966
a               NaN      NaN      NaN      NaN      NaN
ksi          0.6929   0.4594   0.2865   0.1840   0.1477
g               NaN      NaN      NaN      NaN      NaN
infl         0.6771   0.4308   0.2481   0.1394   0.1005
inflstar     0.6771   0.4308   0.2481   0.1394   0.1005



VARIANCE DECOMPOSITION SIMULATING ONE SHOCK AT A TIME (in percent)
                         e_a             e_ksi               e_g              e_Ne               e_i  Tot. lin. contr.
Y                       0.00            100.05              0.00              0.00              0.00            100.05
Ym                      0.00            100.05              0.00              0.00              0.00            100.05
K                       0.00            100.05              0.00              0.00              0.00            100.05
Keff                    0.00            100.05              0.00              0.00              0.00            100.05
L                        NaN               NaN               NaN               NaN               NaN               NaN
I                       0.00            100.05              0.00              0.00              0.00            100.05
C                       0.00            100.05              0.00              0.00              0.00            100.05
G                        NaN               NaN               NaN               NaN               NaN               NaN
Q                       0.00            100.05              0.00              0.00              0.00            100.05
varrho                  0.00            100.05              0.00              0.00              0.00            100.05
Lambda                  0.00            100.05              0.00              0.00              0.00            100.05
Rk                      0.00            100.05              0.00              0.00              0.00            100.05
R                       0.00            100.05              0.00              0.00              0.00            100.05
N                       0.00            100.05              0.00              0.00              0.00            100.05
Ne                      0.00            100.05              0.00              0.00              0.00            100.05
Nn                      0.00            100.05              0.00              0.00              0.00            100.05
nu                      0.00            100.05              0.00              0.00              0.00            100.05
eta                     0.00            100.05              0.00              0.00              0.00            100.05
phi                     0.00            100.05              0.00              0.00              0.00            100.05
z                       0.00            100.05              0.00              0.00              0.00            100.05
x                       0.00            100.05              0.00              0.00              0.00            100.05
Pm                       NaN               NaN               NaN               NaN               NaN               NaN
w                       0.00            100.05              0.00              0.00              0.00            100.05
VMPK                    0.00            100.05              0.00              0.00              0.00            100.05
U                       0.00            100.05              0.00              0.00              0.00            100.05
X                        NaN               NaN               NaN               NaN               NaN               NaN
D                        NaN               NaN               NaN               NaN               NaN               NaN
F                       0.00            100.05              0.00              0.00              0.00            100.05
Z                       0.00            100.05              0.00              0.00              0.00            100.05
i                       0.00            100.05              0.00              0.00              0.00            100.05
prem                    0.00            100.05              0.00              0.00              0.00            100.05
delta                   0.00            100.05              0.00              0.00              0.00            100.05
In                      0.00            100.05              0.00              0.00              0.00            100.05
Welf                    0.00            100.05              0.00              0.00              0.00            100.05
a                        NaN               NaN               NaN               NaN               NaN               NaN
ksi                     0.00            100.05              0.00              0.00              0.00            100.05
g                        NaN               NaN               NaN               NaN               NaN               NaN
infl                    0.00            100.05              0.00              0.00              0.00            100.05
inflstar                0.00            100.05              0.00              0.00              0.00            100.05
Note: numbers do not add up to 100 due to non-zero correlation of simulated shocks in small samples

Total computing time : 0h00m00s
