Dynare version: 0.10.4
2026-01-21T16:37:54.524: Starting @dynare AMO_model_old.mod
["AMO_model_old.mod", "language=julia", "json=compute", "notmpterms"]
Dynare preprocessor version: 7.0.0+0
2026-01-21T16:37:54.662: End of preprocessing
2026-01-21T16:37:54.758: Start parse_statements!
  Steady state

─────────────────┬─────────
        L        │ 1.27995
               c │     1.0
       omega_G_1 │     0.0
       omega_a_1 │     0.0
       omega_G_2 │     0.0
       omega_a_2 │     0.0
       omega_G_3 │     0.0
       omega_a_3 │     0.0
       omega_G_4 │     0.0
       omega_a_4 │     0.0
       omega_G_5 │    -0.0
       omega_a_5 │     0.0
       omega_G_6 │     0.0
       omega_a_6 │     0.0
       omega_G_7 │     0.0
       omega_a_7 │     0.0
            L_k1 │     2.0
        alpha_k1 │     0.5
 omega_a_group_1 │     0.0
            L_k2 │     0.5
        alpha_k2 │  0.2143
 omega_a_group_2 │     0.0
            L_k3 │     1.0
        alpha_k3 │  0.2857
 omega_a_group_3 │     0.0
             b_1 │     2.0
           R_1_1 │  0.9807
      alpha_ik_1 │  0.2564
             b_2 │     2.0
           R_1_2 │  0.9749
      alpha_ik_2 │  0.3077
             b_3 │     2.0
           R_1_3 │  0.9602
      alpha_ik_3 │  0.4359
             b_4 │     0.5
           R_2_1 │  0.9359
      alpha_ik_4 │     0.6
             b_5 │     0.5
           R_2_2 │  0.9607
      alpha_ik_5 │     0.4
             b_6 │     1.0
           R_3_1 │  0.9854
      alpha_ik_6 │  0.2381
             b_7 │     1.0
           R_3_2 │   0.931
      alpha_ik_7 │  0.7619
─────────────────┴─────────

  Coefficients of approximate solution function (reduced form)

────────────────────┬────────────────────────────────────────────────────────────────────────────────────────────────────────────────────────────────────────────────────────────────────────────────────────────────────────────────────────────────────────────────────────────────────────────────────────────────────────────────────────────────────────────────────────────────────────────────────────────────────────────────────────────────────────────────────────────────────────────────────────────────────────────────────────────────────────────
                    │   L_t    c_t   omega_G_1_t  omega_a_1_t  omega_G_2_t  omega_a_2_t  omega_G_3_t  omega_a_3_t  omega_G_4_t  omega_a_4_t  omega_G_5_t  omega_a_5_t  omega_G_6_t  omega_a_6_t  omega_G_7_t  omega_a_7_t  L_k1_t  alpha_k1_t  omega_a_group_1_t  L_k2_t  alpha_k2_t  omega_a_group_2_t  L_k3_t  alpha_k3_t  omega_a_group_3_t  b_1_t  R_1_1_t  alpha_ik_1_t  b_2_t  R_1_2_t  alpha_ik_2_t  b_3_t  R_1_3_t  alpha_ik_3_t  b_4_t  R_2_1_t  alpha_ik_4_t  b_5_t  R_2_2_t  alpha_ik_5_t  b_6_t  R_3_1_t  alpha_ik_6_t  b_7_t  R_3_2_t  alpha_ik_7_t
─────────────────────────────────────────────────────────────────────────────────────────────────────────────────────────────────────────────────────────────────────────────────────────────────────────────────────────────────────────────────────────────────────────────────────────────────────────────────────────────────────────────────────────────────────────────────────────────────────────────────────────────────────────────────────────────────────────────────────────────────────────────────────────────────────────────────────────────────
       ϕ(omega_G_1) │  0.0086   0.0          0.9         -0.0          0.0          0.0         -0.0          0.0         -0.0         -0.0         -0.0         -0.0          0.0          0.0         -0.0         -0.0  0.0231         0.0               -0.0     0.0        -0.0               -0.0     0.0         0.0                0.0   0.09   0.0006           0.0    0.0   0.0005           0.0   -0.0   0.0008           0.0    0.0   0.0007           0.0   -0.0   0.0004           0.0    0.0   0.0002           0.0    0.0   0.0007          -0.0
       ϕ(omega_a_1) │    -0.0  -0.0          0.0          0.9         -0.0          0.0         -0.0         -0.0         -0.0          0.0          0.0          0.0         -0.0          0.0         -0.0         -0.0     0.0        -0.0                0.0    -0.0        -0.0                0.0    -0.0         0.0               -0.0    0.0  -0.0039        0.0343   -0.0   0.0016       -0.0142   -0.0   0.0023       -0.0201   -0.0     -0.0          -0.0    0.0      0.0           0.0    0.0     -0.0           0.0   -0.0     -0.0          -0.0
       ϕ(omega_G_2) │  0.0308   0.0          0.0          0.0          0.9          0.0          0.0          0.0          0.0          0.0          0.0          0.0         -0.0          0.0          0.0          0.0  0.0831         0.0               -0.0    -0.0         0.0                0.0     0.0         0.0                0.0    0.0   0.0016           0.0   0.27   0.0024           0.0    0.0   0.0028           0.0    0.0   0.0024          -0.0    0.0   0.0016          -0.0   -0.0   0.0008           0.0    0.0   0.0025          -0.0
       ϕ(omega_a_2) │     0.0  -0.0          0.0         -0.0         -0.0          0.9         -0.0         -0.0         -0.0         -0.0          0.0         -0.0         -0.0          0.0         -0.0         -0.0     0.0        -0.0                0.0     0.0        -0.0               -0.0    -0.0        -0.0                0.0    0.0   0.0024       -0.0213   -0.0  -0.0066        0.0575   -0.0   0.0041       -0.0362   -0.0      0.0          -0.0    0.0     -0.0          -0.0   -0.0     -0.0           0.0   -0.0     -0.0          -0.0
       ϕ(omega_G_3) │  0.0291  -0.0         -0.0         -0.0          0.0          0.0          0.9         -0.0          0.0          0.0          0.0          0.0          0.0         -0.0          0.0         -0.0  0.0785        -0.0               -0.0     0.0        -0.0               -0.0     0.0         0.0                0.0   -0.0   0.0015           0.0    0.0   0.0019           0.0   0.18   0.0031           0.0    0.0   0.0023          -0.0    0.0   0.0015           0.0    0.0   0.0008          -0.0    0.0   0.0024           0.0
       ϕ(omega_a_3) │    -0.0  -0.0         -0.0          0.0          0.0          0.0         -0.0          0.9          0.0          0.0          0.0          0.0          0.0          0.0          0.0          0.0     0.0        -0.0               -0.0    -0.0         0.0                0.0     0.0        -0.0                0.0   -0.0   0.0012       -0.0101    0.0   0.0014       -0.0121   -0.0  -0.0025        0.0221    0.0     -0.0          -0.0   -0.0     -0.0          -0.0   -0.0     -0.0           0.0    0.0     -0.0           0.0
       ϕ(omega_G_4) │  0.2165  -0.0         -0.0          0.0         -0.0          0.0         -0.0          0.0          0.9         -0.0          0.0         -0.0         -0.0         -0.0         -0.0         -0.0     0.0         0.0                0.0    0.54        -0.0                0.0    -0.0        -0.0               -0.0   -0.0   0.0066          -0.0   -0.0   0.0079           0.0   -0.0   0.0113          -0.0    0.9   0.0968           0.0    0.0   0.0201          -0.0   -0.0   0.0056          -0.0   -0.0   0.0178           0.0
       ϕ(omega_a_4) │     0.0  -0.0          0.0          0.0         -0.0         -0.0          0.0          0.0          0.0          0.9          0.0          0.0          0.0         -0.0          0.0          0.0    -0.0        -0.0               -0.0     0.0         0.0                0.0     0.0        -0.0                0.0    0.0     -0.0           0.0   -0.0     -0.0          -0.0    0.0      0.0          -0.0   -0.0   -0.024        0.1944    0.0    0.024       -0.1944    0.0      0.0          -0.0    0.0      0.0           0.0
       ϕ(omega_G_5) │  0.2165  -0.0          0.0          0.0          0.0          0.0         -0.0          0.0          0.0         -0.0          0.9          0.0         -0.0          0.0          0.0         -0.0     0.0         0.0               -0.0    0.54         0.0               -0.0     0.0         0.0                0.0    0.0   0.0066           0.0   -0.0   0.0079           0.0    0.0   0.0113           0.0   -0.0   0.0301          -0.0   1.35   0.0868          -0.0   -0.0   0.0056           0.0    0.0   0.0178          -0.0
       ϕ(omega_a_5) │     0.0  -0.0         -0.0          0.0          0.0          0.0         -0.0         -0.0          0.0         -0.0         -0.0          0.9         -0.0         -0.0         -0.0         -0.0     0.0         0.0               -0.0     0.0        -0.0               -0.0     0.0         0.0                0.0   -0.0      0.0           0.0    0.0     -0.0           0.0   -0.0      0.0           0.0    0.0    0.024       -0.1944   -0.0   -0.024        0.1944   -0.0     -0.0           0.0   -0.0     -0.0           0.0
       ϕ(omega_G_6) │  0.0505  -0.0         -0.0         -0.0         -0.0         -0.0         -0.0          0.0         -0.0          0.0         -0.0          0.0          0.9         -0.0         -0.0          0.0     0.0        -0.0               -0.0    -0.0         0.0               -0.0    0.15         0.0               -0.0   -0.0   0.0015          -0.0   -0.0   0.0019          -0.0   -0.0   0.0026           0.0   -0.0   0.0039           0.0   -0.0   0.0026           0.0   0.63   0.0067           0.0   -0.0   0.0091           0.0
       ϕ(omega_a_6) │     0.0   0.0         -0.0          0.0         -0.0         -0.0          0.0          0.0          0.0          0.0         -0.0         -0.0         -0.0          0.9          0.0          0.0     0.0        -0.0               -0.0     0.0        -0.0                0.0     0.0         0.0               -0.0   -0.0      0.0          -0.0   -0.0      0.0          -0.0    0.0     -0.0           0.0    0.0      0.0           0.0   -0.0      0.0          -0.0    0.0  -0.0102         0.098    0.0   0.0102        -0.098
       ϕ(omega_G_7) │  0.1155  -0.0          0.0         -0.0         -0.0         -0.0         -0.0          0.0         -0.0         -0.0         -0.0         -0.0         -0.0          0.0          0.9          0.0    -0.0        -0.0               -0.0    -0.0        -0.0               -0.0  0.3429         0.0                0.0    0.0   0.0035          -0.0   -0.0   0.0042          -0.0   -0.0    0.006           0.0   -0.0   0.0089           0.0   -0.0   0.0059           0.0    0.0   0.0065           0.0   0.45   0.0297           0.0
       ϕ(omega_a_7) │     0.0  -0.0         -0.0          0.0         -0.0         -0.0         -0.0         -0.0          0.0          0.0          0.0          0.0         -0.0         -0.0         -0.0          0.9    -0.0         0.0                0.0     0.0        -0.0               -0.0     0.0         0.0                0.0    0.0      0.0           0.0   -0.0      0.0           0.0   -0.0      0.0          -0.0    0.0      0.0          -0.0    0.0      0.0           0.0   -0.0   0.0068       -0.0653   -0.0  -0.0068        0.0653
 ϕ(omega_a_group_1) │  0.0554   0.0          0.0         -0.0         -0.0         -0.0         -0.0         -0.0          0.0         -0.0          0.0          0.0          0.0          0.0         -0.0         -0.0    -0.0       0.045                0.9     0.0     -0.0193                0.0    -0.0     -0.0257                0.0    0.0  -0.0009          -0.0   -0.0  -0.0011          -0.0    0.0  -0.0016           0.0    0.0    0.011          -0.0    0.0   0.0073           0.0    0.0   0.0037           0.0   -0.0   0.0117          -0.0
 ϕ(omega_a_group_2) │ -0.1594  -0.0          0.0          0.0         -0.0          0.0         -0.0         -0.0          0.0          0.0         -0.0          0.0         -0.0          0.0          0.0          0.0    -0.0     -0.0771               -0.0     0.0      0.1212                0.9    -0.0     -0.0441                0.0    0.0  -0.0003          -0.0   -0.0  -0.0004          -0.0   -0.0  -0.0006           0.0    0.0  -0.0543          -0.0   -0.0  -0.0362           0.0   -0.0  -0.0003          -0.0    0.0  -0.0009           0.0
 ϕ(omega_a_group_3) │  -0.039  -0.0          0.0         -0.0          0.0          0.0         -0.0          0.0         -0.0         -0.0          0.0          0.0          0.0          0.0          0.0         -0.0     0.0     -0.0643                0.0    -0.0     -0.0276                0.0    -0.0      0.0918                0.9    0.0   0.0026          -0.0    0.0   0.0031           0.0    0.0   0.0044           0.0   -0.0   0.0065          -0.0    0.0   0.0043           0.0    0.0   -0.009          -0.0    0.0  -0.0286          -0.0
          eps_G_1_t │  0.0001   0.0         0.01          0.0          0.0          0.0         -0.0          0.0          0.0         -0.0          0.0         -0.0          0.0          0.0          0.0          0.0  0.0003         0.0               -0.0     0.0        -0.0                0.0    -0.0         0.0                0.0  0.001      0.0           0.0    0.0      0.0           0.0   -0.0      0.0           0.0    0.0      0.0           0.0    0.0      0.0          -0.0   -0.0      0.0          -0.0   -0.0      0.0           0.0
          eps_a_1_t │    -0.0  -0.0          0.0         0.01          0.0          0.0          0.0          0.0         -0.0          0.0          0.0          0.0          0.0         -0.0         -0.0          0.0     0.0        -0.0                0.0    -0.0        -0.0                0.0     0.0        -0.0                0.0    0.0     -0.0        0.0004    0.0      0.0       -0.0002    0.0      0.0       -0.0002   -0.0     -0.0          -0.0    0.0      0.0          -0.0    0.0     -0.0           0.0   -0.0     -0.0           0.0
          eps_G_2_t │  0.0003   0.0          0.0          0.0         0.01          0.0          0.0          0.0          0.0          0.0          0.0          0.0         -0.0         -0.0          0.0          0.0  0.0009         0.0               -0.0     0.0         0.0                0.0     0.0         0.0                0.0    0.0      0.0           0.0  0.003      0.0           0.0    0.0      0.0          -0.0    0.0      0.0           0.0    0.0      0.0           0.0   -0.0      0.0          -0.0    0.0      0.0           0.0
          eps_a_2_t │     0.0  -0.0          0.0          0.0         -0.0         0.01         -0.0         -0.0         -0.0          0.0         -0.0         -0.0          0.0          0.0         -0.0          0.0     0.0        -0.0                0.0     0.0        -0.0               -0.0    -0.0         0.0                0.0    0.0      0.0       -0.0002   -0.0  -0.0001        0.0006   -0.0      0.0       -0.0004   -0.0     -0.0           0.0    0.0      0.0          -0.0   -0.0     -0.0          -0.0   -0.0      0.0          -0.0
          eps_G_3_t │  0.0003  -0.0         -0.0         -0.0          0.0          0.0         0.01          0.0          0.0          0.0         -0.0          0.0          0.0          0.0          0.0         -0.0  0.0009        -0.0               -0.0     0.0         0.0                0.0     0.0        -0.0               -0.0   -0.0      0.0          -0.0    0.0      0.0           0.0  0.002      0.0          -0.0    0.0      0.0          -0.0   -0.0      0.0           0.0    0.0      0.0          -0.0    0.0      0.0          -0.0
          eps_a_3_t │     0.0   0.0         -0.0         -0.0         -0.0         -0.0         -0.0         0.01          0.0         -0.0          0.0          0.0          0.0          0.0         -0.0          0.0     0.0         0.0               -0.0     0.0        -0.0                0.0    -0.0         0.0               -0.0    0.0      0.0       -0.0001    0.0      0.0       -0.0001    0.0     -0.0        0.0002    0.0      0.0           0.0    0.0      0.0          -0.0   -0.0      0.0           0.0   -0.0      0.0           0.0
          eps_G_4_t │  0.0024  -0.0          0.0         -0.0         -0.0          0.0          0.0         -0.0         0.01          0.0          0.0         -0.0          0.0         -0.0          0.0          0.0     0.0         0.0                0.0   0.006        -0.0                0.0     0.0        -0.0               -0.0    0.0   0.0001           0.0   -0.0   0.0001           0.0    0.0   0.0001           0.0   0.01   0.0011          -0.0    0.0   0.0002           0.0    0.0   0.0001          -0.0   -0.0   0.0002           0.0
          eps_a_4_t │    -0.0   0.0          0.0          0.0         -0.0         -0.0          0.0          0.0          0.0         0.01          0.0          0.0          0.0         -0.0          0.0          0.0    -0.0        -0.0               -0.0    -0.0         0.0                0.0     0.0        -0.0                0.0    0.0     -0.0           0.0   -0.0     -0.0          -0.0    0.0     -0.0           0.0    0.0  -0.0003        0.0022    0.0   0.0003       -0.0022   -0.0      0.0          -0.0    0.0      0.0           0.0
          eps_G_5_t │  0.0024  -0.0          0.0          0.0          0.0          0.0          0.0         -0.0          0.0          0.0         0.01         -0.0          0.0          0.0         -0.0         -0.0     0.0         0.0               -0.0   0.006         0.0               -0.0     0.0         0.0               -0.0    0.0   0.0001           0.0   -0.0   0.0001           0.0    0.0   0.0001           0.0    0.0   0.0003           0.0  0.015    0.001          -0.0    0.0   0.0001           0.0    0.0   0.0002          -0.0
          eps_a_5_t │     0.0  -0.0         -0.0          0.0          0.0          0.0         -0.0         -0.0         -0.0          0.0          0.0         0.01          0.0          0.0          0.0         -0.0    -0.0        -0.0               -0.0     0.0        -0.0                0.0     0.0         0.0                0.0   -0.0      0.0          -0.0    0.0      0.0          -0.0   -0.0      0.0          -0.0   -0.0   0.0003       -0.0022    0.0  -0.0003        0.0022   -0.0     -0.0           0.0    0.0      0.0          -0.0
          eps_G_6_t │  0.0006  -0.0         -0.0          0.0         -0.0         -0.0         -0.0          0.0         -0.0          0.0         -0.0          0.0         0.01         -0.0          0.0          0.0     0.0         0.0               -0.0    -0.0         0.0               -0.0  0.0017         0.0                0.0   -0.0      0.0          -0.0   -0.0      0.0          -0.0   -0.0      0.0           0.0    0.0      0.0           0.0   -0.0      0.0           0.0  0.007   0.0001          -0.0    0.0   0.0001           0.0
          eps_a_6_t │     0.0   0.0         -0.0          0.0         -0.0         -0.0         -0.0          0.0         -0.0          0.0         -0.0         -0.0         -0.0         0.01         -0.0          0.0    -0.0         0.0               -0.0    -0.0        -0.0                0.0     0.0         0.0               -0.0   -0.0      0.0           0.0   -0.0      0.0          -0.0    0.0     -0.0           0.0   -0.0      0.0           0.0   -0.0      0.0          -0.0    0.0  -0.0001        0.0011   -0.0   0.0001       -0.0011
          eps_G_7_t │  0.0013  -0.0         -0.0         -0.0          0.0         -0.0         -0.0          0.0         -0.0         -0.0          0.0         -0.0         -0.0         -0.0         0.01         -0.0    -0.0        -0.0                0.0    -0.0        -0.0               -0.0  0.0038         0.0               -0.0   -0.0      0.0          -0.0   -0.0      0.0          -0.0   -0.0   0.0001           0.0   -0.0   0.0001           0.0   -0.0   0.0001          -0.0    0.0   0.0001           0.0  0.005   0.0003           0.0
          eps_a_7_t │     0.0   0.0          0.0          0.0         -0.0         -0.0         -0.0         -0.0          0.0         -0.0          0.0          0.0         -0.0         -0.0         -0.0         0.01     0.0         0.0                0.0     0.0        -0.0               -0.0     0.0         0.0                0.0    0.0      0.0           0.0   -0.0      0.0           0.0   -0.0      0.0          -0.0    0.0      0.0          -0.0    0.0      0.0           0.0    0.0   0.0001       -0.0007   -0.0  -0.0001        0.0007
    eps_a_group_1_t │  0.0006   0.0          0.0         -0.0         -0.0         -0.0          0.0         -0.0         -0.0         -0.0         -0.0          0.0          0.0         -0.0         -0.0         -0.0    -0.0      0.0005               0.01    -0.0     -0.0002                0.0    -0.0     -0.0003                0.0   -0.0     -0.0          -0.0   -0.0     -0.0          -0.0    0.0     -0.0          -0.0   -0.0   0.0001           0.0   -0.0   0.0001          -0.0    0.0      0.0           0.0   -0.0   0.0001          -0.0
    eps_a_group_2_t │ -0.0018  -0.0          0.0         -0.0         -0.0          0.0         -0.0         -0.0         -0.0         -0.0         -0.0         -0.0         -0.0         -0.0         -0.0         -0.0     0.0     -0.0009               -0.0     0.0      0.0013               0.01     0.0     -0.0005                0.0    0.0     -0.0           0.0   -0.0     -0.0           0.0   -0.0     -0.0           0.0    0.0  -0.0006          -0.0   -0.0  -0.0004           0.0   -0.0     -0.0           0.0    0.0     -0.0           0.0
    eps_a_group_3_t │ -0.0004  -0.0          0.0         -0.0          0.0          0.0         -0.0          0.0         -0.0          0.0          0.0          0.0          0.0          0.0          0.0          0.0    -0.0     -0.0007                0.0    -0.0     -0.0003                0.0     0.0       0.001               0.01    0.0      0.0          -0.0    0.0      0.0          -0.0   -0.0      0.0          -0.0   -0.0   0.0001          -0.0    0.0      0.0          -0.0    0.0  -0.0001           0.0    0.0  -0.0003          -0.0
────────────────────┴────────────────────────────────────────────────────────────────────────────────────────────────────────────────────────────────────────────────────────────────────────────────────────────────────────────────────────────────────────────────────────────────────────────────────────────────────────────────────────────────────────────────────────────────────────────────────────────────────────────────────────────────────────────────────────────────────────────────────────────────────────────────────────────────────────────

  Note: ϕ(x) = x_{t-1} - steady_state(x)

  THEORETICAL MOMENTS

─────────────────┬─────────────────────────────
    VARIABLE     │  MEAN   STD. DEV.  VARIANCE
───────────────────────────────────────────────
               L │   1.28     0.0096    0.0001
               c │    1.0        0.0       0.0
       omega_G_1 │    0.0     0.0229    0.0005
       omega_a_1 │    0.0     0.0229    0.0005
       omega_G_2 │    0.0     0.0229    0.0005
       omega_a_2 │    0.0     0.0229    0.0005
       omega_G_3 │    0.0     0.0229    0.0005
       omega_a_3 │    0.0     0.0229    0.0005
       omega_G_4 │    0.0     0.0229    0.0005
       omega_a_4 │    0.0     0.0229    0.0005
       omega_G_5 │   -0.0     0.0229    0.0005
       omega_a_5 │    0.0     0.0229    0.0005
       omega_G_6 │    0.0     0.0229    0.0005
       omega_a_6 │    0.0     0.0229    0.0005
       omega_G_7 │    0.0     0.0229    0.0005
       omega_a_7 │    0.0     0.0229    0.0005
            L_k1 │    2.0      0.003       0.0
        alpha_k1 │    0.5     0.0028       0.0
 omega_a_group_1 │    0.0     0.0229    0.0005
            L_k2 │    0.5     0.0195    0.0004
        alpha_k2 │ 0.2143     0.0032       0.0
 omega_a_group_2 │    0.0     0.0229    0.0005
            L_k3 │    1.0     0.0095    0.0001
        alpha_k3 │ 0.2857     0.0027       0.0
 omega_a_group_3 │    0.0     0.0229    0.0005
             b_1 │    2.0     0.0023       0.0
           R_1_1 │ 0.9807     0.0003       0.0
      alpha_ik_1 │ 0.2564     0.0011       0.0
             b_2 │    2.0     0.0069       0.0
           R_1_2 │ 0.9749     0.0004       0.0
      alpha_ik_2 │ 0.3077     0.0015       0.0
             b_3 │    2.0     0.0046       0.0
           R_1_3 │ 0.9602     0.0005       0.0
      alpha_ik_3 │ 0.4359     0.0012       0.0
             b_4 │    0.5     0.0229    0.0005
           R_2_1 │ 0.9359     0.0031       0.0
      alpha_ik_4 │    0.6      0.007       0.0
             b_5 │    0.5     0.0344    0.0012
           R_2_2 │ 0.9607     0.0026       0.0
      alpha_ik_5 │    0.4      0.007       0.0
             b_6 │    1.0     0.0161    0.0003
           R_3_1 │ 0.9854     0.0005       0.0
      alpha_ik_6 │ 0.2381      0.003       0.0
             b_7 │    1.0     0.0115    0.0001
           R_3_2 │  0.931     0.0013       0.0
      alpha_ik_7 │ 0.7619      0.003       0.0
─────────────────┴─────────────────────────────

  VARIANCE DECOMPOSITION (in percent)

─────────────────┬───────────────────────────────────────────────────────────────────────────────────────────────────────────────────────────────────────────────────────────────────────────
    VARIABLE     │ eps_G_1  eps_a_1  eps_G_2  eps_a_2  eps_G_3  eps_a_3  eps_G_4  eps_a_4  eps_G_5  eps_a_5  eps_G_6  eps_a_6  eps_G_7  eps_a_7  eps_a_group_1  eps_a_group_2  eps_a_group_3
─────────────────────────────────────────────────────────────────────────────────────────────────────────────────────────────────────────────────────────────────────────────────────────────
               L │  0.0005     -0.0   0.0067     -0.0    0.006     -0.0   0.3313     -0.0   0.3313     -0.0    0.018     -0.0   0.0942     -0.0         0.0217         0.1794         0.0107
               c │  0.0299   0.0003   0.1818   0.0006    0.002   0.0169   0.0429      0.0   0.0535   0.0001      0.0   0.0001    0.002      0.0         0.0547         0.5372         0.0779
       omega_G_1 │     1.0      0.0      0.0      0.0      0.0      0.0      0.0      0.0      0.0      0.0      0.0      0.0      0.0      0.0            0.0            0.0            0.0
       omega_a_1 │     0.0      1.0     -0.0     -0.0     -0.0     -0.0      0.0     -0.0     -0.0      0.0     -0.0      0.0     -0.0     -0.0           -0.0            0.0            0.0
       omega_G_2 │     0.0      0.0      1.0     -0.0      0.0     -0.0     -0.0     -0.0     -0.0     -0.0      0.0      0.0     -0.0      0.0           -0.0            0.0            0.0
       omega_a_2 │     0.0     -0.0     -0.0      1.0     -0.0     -0.0     -0.0     -0.0     -0.0     -0.0     -0.0     -0.0      0.0     -0.0           -0.0            0.0           -0.0
       omega_G_3 │     0.0     -0.0      0.0     -0.0      1.0     -0.0     -0.0      0.0      0.0     -0.0      0.0     -0.0     -0.0     -0.0           -0.0           -0.0           -0.0
       omega_a_3 │     0.0     -0.0      0.0     -0.0     -0.0      1.0     -0.0      0.0     -0.0     -0.0     -0.0     -0.0      0.0      0.0           -0.0            0.0            0.0
       omega_G_4 │     0.0     -0.0      0.0     -0.0     -0.0     -0.0      1.0     -0.0      0.0      0.0     -0.0     -0.0      0.0     -0.0            0.0           -0.0            0.0
       omega_a_4 │     0.0     -0.0     -0.0     -0.0     -0.0      0.0     -0.0      1.0     -0.0     -0.0     -0.0     -0.0      0.0     -0.0            0.0           -0.0           -0.0
       omega_G_5 │     0.0     -0.0      0.0     -0.0     -0.0      0.0      0.0     -0.0      1.0      0.0     -0.0     -0.0     -0.0     -0.0           -0.0           -0.0           -0.0
       omega_a_5 │     0.0      0.0      0.0     -0.0     -0.0      0.0     -0.0     -0.0     -0.0      1.0     -0.0     -0.0      0.0     -0.0           -0.0           -0.0           -0.0
       omega_G_6 │     0.0     -0.0     -0.0     -0.0     -0.0     -0.0     -0.0     -0.0      0.0     -0.0      1.0      0.0     -0.0     -0.0            0.0           -0.0           -0.0
       omega_a_6 │     0.0     -0.0      0.0     -0.0     -0.0     -0.0     -0.0     -0.0      0.0     -0.0     -0.0      1.0     -0.0     -0.0           -0.0           -0.0           -0.0
       omega_G_7 │     0.0      0.0      0.0     -0.0     -0.0     -0.0      0.0      0.0      0.0     -0.0     -0.0     -0.0      1.0     -0.0           -0.0            0.0            0.0
       omega_a_7 │     0.0     -0.0     -0.0     -0.0      0.0      0.0     -0.0     -0.0      0.0     -0.0     -0.0     -0.0      0.0      1.0           -0.0            0.0            0.0
            L_k1 │  0.0392     -0.0   0.5078     -0.0    0.453      0.0     -0.0      0.0      0.0      0.0     -0.0     -0.0     -0.0     -0.0            0.0           -0.0            0.0
        alpha_k1 │     0.0      0.0      0.0     -0.0      0.0      0.0     -0.0     -0.0     -0.0     -0.0     -0.0     -0.0      0.0     -0.0         0.1672         0.4915         0.3413
 omega_a_group_1 │     0.0     -0.0     -0.0     -0.0      0.0      0.0     -0.0     -0.0     -0.0     -0.0      0.0     -0.0      0.0     -0.0            1.0           -0.0           -0.0
            L_k2 │     0.0     -0.0      0.0     -0.0     -0.0     -0.0      0.5     -0.0      0.5     -0.0     -0.0     -0.0      0.0     -0.0            0.0           -0.0           -0.0
        alpha_k2 │     0.0     -0.0      0.0     -0.0     -0.0      0.0     -0.0      0.0     -0.0     -0.0     -0.0     -0.0      0.0     -0.0         0.0235         0.9285          0.048
 omega_a_group_2 │     0.0     -0.0      0.0     -0.0     -0.0     -0.0     -0.0     -0.0     -0.0     -0.0     -0.0     -0.0      0.0     -0.0            0.0            1.0            0.0
            L_k3 │     0.0      0.0      0.0     -0.0     -0.0     -0.0      0.0      0.0      0.0     -0.0   0.1607     -0.0   0.8393     -0.0           -0.0            0.0            0.0
        alpha_k3 │     0.0     -0.0      0.0     -0.0     -0.0      0.0      0.0     -0.0      0.0      0.0     -0.0      0.0      0.0      0.0         0.0599          0.176         0.7641
 omega_a_group_3 │     0.0      0.0      0.0     -0.0     -0.0      0.0     -0.0     -0.0     -0.0      0.0     -0.0     -0.0      0.0     -0.0           -0.0            0.0            1.0
             b_1 │     1.0      0.0      0.0      0.0      0.0      0.0      0.0      0.0      0.0      0.0      0.0      0.0      0.0      0.0            0.0            0.0            0.0
           R_1_1 │  0.0025   0.1116   0.0193    0.043   0.0172   0.0096   0.3169     -0.0   0.3169     -0.0   0.0173     -0.0   0.0901      0.0         0.0065         0.0009         0.0482
      alpha_ik_1 │     0.0   0.6797     -0.0   0.2619     -0.0   0.0584     -0.0     -0.0     -0.0      0.0     -0.0     -0.0      0.0     -0.0           -0.0            0.0            0.0
             b_2 │     0.0      0.0      1.0     -0.0      0.0     -0.0     -0.0     -0.0     -0.0     -0.0      0.0      0.0     -0.0      0.0           -0.0            0.0            0.0
           R_1_2 │  0.0014   0.0122   0.0274   0.2004   0.0159   0.0088   0.2919     -0.0   0.2919     -0.0   0.0159     -0.0    0.083      0.0          0.006         0.0008         0.0444
      alpha_ik_2 │     0.0   0.0552     -0.0    0.905     -0.0   0.0399     -0.0     -0.0     -0.0     -0.0     -0.0     -0.0      0.0     -0.0           -0.0            0.0           -0.0
             b_3 │     0.0     -0.0      0.0     -0.0      1.0     -0.0     -0.0      0.0      0.0     -0.0      0.0     -0.0     -0.0     -0.0           -0.0           -0.0           -0.0
           R_1_3 │  0.0016   0.0145   0.0211   0.0471   0.0259   0.0176   0.3469     -0.0   0.3469     -0.0   0.0189      0.0   0.0987      0.0         0.0071         0.0009         0.0527
      alpha_ik_3 │     0.0   0.1835     -0.0   0.5945     -0.0    0.222     -0.0     -0.0     -0.0      0.0      0.0     -0.0      0.0     -0.0            0.0           -0.0           -0.0
             b_4 │     0.0     -0.0      0.0     -0.0     -0.0     -0.0      1.0     -0.0      0.0      0.0     -0.0     -0.0      0.0     -0.0            0.0           -0.0            0.0
           R_2_1 │     0.0     -0.0   0.0004     -0.0   0.0003      0.0     0.64   0.0394   0.0618   0.0394    0.001     -0.0   0.0054     -0.0         0.0082          0.201         0.0029
      alpha_ik_4 │     0.0     -0.0     -0.0     -0.0      0.0      0.0     -0.0      0.5      0.0      0.5     -0.0     -0.0      0.0     -0.0           -0.0            0.0           -0.0
             b_5 │     0.0     -0.0      0.0     -0.0     -0.0      0.0      0.0     -0.0      1.0      0.0     -0.0     -0.0     -0.0     -0.0           -0.0           -0.0           -0.0
           R_2_2 │     0.0     -0.0   0.0002     -0.0   0.0002      0.0   0.0382   0.0549   0.7162   0.0549   0.0006     -0.0   0.0034     -0.0         0.0051         0.1244         0.0018
      alpha_ik_5 │     0.0     -0.0     -0.0     -0.0      0.0      0.0     -0.0      0.5      0.0      0.5     -0.0     -0.0      0.0     -0.0           -0.0            0.0           -0.0
             b_6 │     0.0     -0.0     -0.0     -0.0     -0.0     -0.0     -0.0     -0.0      0.0     -0.0      1.0      0.0     -0.0     -0.0            0.0           -0.0           -0.0
           R_3_1 │  0.0001     -0.0   0.0016     -0.0   0.0014      0.0   0.0789     -0.0   0.0789     -0.0   0.1152   0.2625   0.1074   0.1167         0.0338         0.0002         0.2032
      alpha_ik_6 │     0.0     -0.0      0.0     -0.0     -0.0      0.0     -0.0     -0.0     -0.0     -0.0      0.0   0.6923      0.0   0.3077           -0.0           -0.0           -0.0
             b_7 │     0.0      0.0      0.0     -0.0     -0.0     -0.0      0.0      0.0      0.0     -0.0     -0.0     -0.0      1.0     -0.0           -0.0            0.0            0.0
           R_3_2 │  0.0002     -0.0   0.0024     -0.0   0.0021     -0.0   0.1169     -0.0   0.1169      0.0   0.0305    0.038   0.3243   0.0169         0.0502         0.0003         0.3013
      alpha_ik_7 │     0.0     -0.0      0.0     -0.0     -0.0      0.0     -0.0     -0.0     -0.0     -0.0      0.0   0.6923      0.0   0.3077           -0.0           -0.0           -0.0
─────────────────┴───────────────────────────────────────────────────────────────────────────────────────────────────────────────────────────────────────────────────────────────────────────

  CORRELATION MATRIX

─────────────────┬─────────────────────────────────────────────────────────────────────────────────────────────────────────────────────────────────────────────────────────────────────────────────────────────────────────────────────────────────────────────────────────────────────────────────────────────────────────────────────────────────────────────────────────────────────────────────────────────────────────────────────────────────────────────────────────────────────────────────────────────
                 │    L      c    omega_G_1  omega_a_1  omega_G_2  omega_a_2  omega_G_3  omega_a_3  omega_G_4  omega_a_4  omega_G_5  omega_a_5  omega_G_6  omega_a_6  omega_G_7  omega_a_7   L_k1   alpha_k1  omega_a_group_1   L_k2   alpha_k2  omega_a_group_2   L_k3   alpha_k3  omega_a_group_3   b_1     R_1_1   alpha_ik_1   b_2     R_1_2   alpha_ik_2   b_3     R_1_3   alpha_ik_3   b_4     R_2_1   alpha_ik_4   b_5     R_2_2   alpha_ik_5   b_6     R_3_1   alpha_ik_6   b_7     R_3_2   alpha_ik_7
───────────────────────────────────────────────────────────────────────────────────────────────────────────────────────────────────────────────────────────────────────────────────────────────────────────────────────────────────────────────────────────────────────────────────────────────────────────────────────────────────────────────────────────────────────────────────────────────────────────────────────────────────────────────────────────────────────────────────────────────────────────────
               L │     1.0   0.0     0.0228        0.0      0.082        0.0     0.0774       -0.0     0.5756       -0.0     0.5756       -0.0     0.1343        0.0      0.307       -0.0  0.1151    0.4178           0.1474   0.814   -0.4081          -0.4236  0.3351    0.0511          -0.1036  0.0228   0.7584         0.0   0.082   0.7302         0.0  0.0774    0.795        -0.0  0.5756   0.8313        -0.0  0.5756   0.7789         0.0  0.1343    0.556         0.0   0.307   0.6972        -0.0
               c │     0.0   0.0        0.0       -0.0        0.0       -0.0       -0.0       -0.0       -0.0       -0.0       -0.0       -0.0       -0.0        0.0       -0.0       -0.0     0.0       0.0              0.0    -0.0      -0.0             -0.0    -0.0       0.0             -0.0     0.0     -0.0         0.0     0.0     -0.0        -0.0    -0.0     -0.0        -0.0    -0.0      0.0         0.0    -0.0      0.0        -0.0    -0.0      0.0         0.0    -0.0      0.0        -0.0
       omega_G_1 │  0.0228   0.0        1.0        0.0        0.0        0.0       -0.0       -0.0       -0.0        0.0        0.0       -0.0       -0.0       -0.0        0.0        0.0   0.198       0.0              0.0    -0.0      -0.0              0.0     0.0       0.0              0.0     1.0   0.0498         0.0     0.0    0.037         0.0    -0.0   0.0404         0.0    -0.0   0.0055         0.0     0.0   0.0043        -0.0    -0.0   0.0111        -0.0     0.0   0.0135         0.0
       omega_a_1 │     0.0  -0.0        0.0        1.0        0.0        0.0        0.0        0.0        0.0        0.0        0.0        0.0        0.0        0.0        0.0       -0.0     0.0      -0.0              0.0     0.0       0.0              0.0     0.0       0.0              0.0     0.0  -0.3341      0.8245     0.0   0.1105     -0.2349     0.0   0.1205     -0.4284     0.0      0.0        -0.0     0.0      0.0         0.0     0.0     -0.0         0.0     0.0      0.0        -0.0
       omega_G_2 │   0.082   0.0        0.0        0.0        1.0       -0.0       -0.0       -0.0        0.0       -0.0       -0.0        0.0        0.0       -0.0       -0.0       -0.0  0.7126       0.0              0.0     0.0      -0.0              0.0    -0.0       0.0              0.0     0.0   0.1389         0.0     1.0   0.1657        -0.0    -0.0   0.1454        -0.0     0.0   0.0197        -0.0    -0.0   0.0155         0.0    -0.0     0.04        -0.0    -0.0   0.0487         0.0
       omega_a_2 │     0.0  -0.0        0.0        0.0       -0.0        1.0       -0.0        0.0        0.0        0.0        0.0       -0.0       -0.0       -0.0        0.0        0.0    -0.0       0.0             -0.0     0.0       0.0              0.0     0.0      -0.0             -0.0     0.0   0.2073     -0.5117    -0.0  -0.4477      0.9513    -0.0   0.2169      -0.771     0.0      0.0         0.0     0.0      0.0        -0.0    -0.0      0.0        -0.0     0.0      0.0         0.0
       omega_G_3 │  0.0774  -0.0       -0.0        0.0       -0.0       -0.0        1.0        0.0       -0.0       -0.0       -0.0       -0.0       -0.0        0.0        0.0        0.0   0.673      -0.0              0.0    -0.0      -0.0             -0.0     0.0       0.0              0.0    -0.0   0.1312         0.0    -0.0   0.1259        -0.0     1.0   0.1608         0.0    -0.0   0.0186        -0.0    -0.0   0.0146         0.0    -0.0   0.0378         0.0     0.0    0.046        -0.0
       omega_a_3 │    -0.0  -0.0       -0.0        0.0       -0.0        0.0        0.0        1.0       -0.0       -0.0       -0.0       -0.0        0.0       -0.0        0.0       -0.0     0.0       0.0             -0.0    -0.0       0.0             -0.0     0.0      -0.0             -0.0     0.0   0.0979     -0.2417    -0.0    0.094     -0.1997     0.0  -0.1326      0.4712    -0.0     -0.0         0.0    -0.0     -0.0        -0.0     0.0     -0.0        -0.0     0.0      0.0         0.0
       omega_G_4 │  0.5756  -0.0       -0.0        0.0        0.0        0.0       -0.0       -0.0        1.0       -0.0        0.0       -0.0       -0.0        0.0       -0.0        0.0     0.0       0.0             -0.0  0.7071       0.0              0.0    -0.0      -0.0             -0.0    -0.0    0.563         0.0     0.0   0.5403         0.0    -0.0    0.589        -0.0     1.0      0.8        -0.0     0.0   0.1955         0.0    -0.0   0.2809         0.0    -0.0    0.342        -0.0
       omega_a_4 │    -0.0  -0.0        0.0        0.0       -0.0        0.0       -0.0       -0.0       -0.0        1.0       -0.0        0.0        0.0        0.0        0.0       -0.0    -0.0       0.0              0.0    -0.0      -0.0             -0.0     0.0       0.0              0.0     0.0     -0.0         0.0    -0.0     -0.0         0.0    -0.0     -0.0        -0.0    -0.0  -0.1985      0.7071    -0.0   0.2343     -0.7071     0.0     -0.0         0.0     0.0     -0.0        -0.0
       omega_G_5 │  0.5756  -0.0        0.0        0.0       -0.0        0.0       -0.0       -0.0        0.0       -0.0        1.0       -0.0        0.0       -0.0        0.0       -0.0    -0.0      -0.0             -0.0  0.7071       0.0              0.0     0.0      -0.0             -0.0     0.0    0.563         0.0    -0.0   0.5403         0.0    -0.0    0.589        -0.0     0.0   0.2485         0.0     1.0   0.8463        -0.0     0.0   0.2809        -0.0     0.0    0.342         0.0
       omega_a_5 │    -0.0  -0.0       -0.0        0.0        0.0       -0.0       -0.0       -0.0       -0.0        0.0       -0.0        1.0        0.0        0.0       -0.0        0.0    -0.0       0.0              0.0    -0.0      -0.0             -0.0     0.0       0.0             -0.0    -0.0     -0.0         0.0     0.0     -0.0        -0.0    -0.0     -0.0        -0.0    -0.0   0.1985     -0.7071    -0.0  -0.2343      0.7071     0.0     -0.0         0.0    -0.0     -0.0        -0.0
       omega_G_6 │  0.1343  -0.0       -0.0        0.0        0.0       -0.0       -0.0        0.0       -0.0        0.0        0.0        0.0        1.0        0.0       -0.0        0.0    -0.0       0.0              0.0    -0.0       0.0              0.0  0.4008      -0.0             -0.0    -0.0   0.1314         0.0    -0.0   0.1261        -0.0    -0.0   0.1374         0.0    -0.0   0.0322         0.0     0.0   0.0254        -0.0     1.0   0.3395         0.0    -0.0   0.1745        -0.0
       omega_a_6 │     0.0   0.0       -0.0        0.0       -0.0       -0.0        0.0       -0.0        0.0        0.0       -0.0        0.0        0.0        1.0       -0.0       -0.0     0.0       0.0             -0.0     0.0      -0.0             -0.0     0.0      -0.0             -0.0    -0.0     -0.0         0.0    -0.0      0.0        -0.0     0.0     -0.0         0.0     0.0      0.0        -0.0    -0.0      0.0         0.0     0.0  -0.5123      0.8321    -0.0   0.1949     -0.8321
       omega_G_7 │   0.307  -0.0        0.0        0.0       -0.0        0.0        0.0        0.0       -0.0        0.0        0.0       -0.0       -0.0       -0.0        1.0       -0.0    -0.0      -0.0             -0.0    -0.0      -0.0             -0.0  0.9162       0.0              0.0     0.0   0.3002        -0.0    -0.0   0.2881         0.0     0.0   0.3141        -0.0    -0.0   0.0737         0.0     0.0    0.058        -0.0    -0.0   0.3277        -0.0     1.0   0.5695         0.0
       omega_a_7 │    -0.0  -0.0        0.0       -0.0       -0.0        0.0        0.0       -0.0        0.0       -0.0       -0.0        0.0        0.0       -0.0       -0.0        1.0     0.0      -0.0             -0.0    -0.0       0.0              0.0     0.0       0.0              0.0     0.0      0.0        -0.0    -0.0      0.0         0.0     0.0      0.0        -0.0     0.0     -0.0        -0.0    -0.0     -0.0         0.0     0.0   0.3415     -0.5547    -0.0  -0.1299      0.5547
            L_k1 │  0.1151   0.0      0.198        0.0     0.7126       -0.0      0.673        0.0        0.0       -0.0       -0.0       -0.0       -0.0        0.0       -0.0        0.0     1.0      -0.0              0.0     0.0      -0.0             -0.0    -0.0       0.0              0.0   0.198   0.1972         0.0  0.7126   0.2102        -0.0   0.673   0.2198         0.0     0.0   0.0276        -0.0    -0.0   0.0217         0.0    -0.0   0.0562         0.0    -0.0   0.0684        -0.0
        alpha_k1 │  0.4178   0.0        0.0       -0.0        0.0        0.0       -0.0        0.0        0.0        0.0       -0.0        0.0        0.0        0.0       -0.0       -0.0    -0.0       1.0           0.4089     0.0   -0.6103           -0.701    -0.0   -0.3166          -0.5842     0.0  -0.1407        -0.0     0.0   -0.135         0.0    -0.0  -0.1472        -0.0     0.0   0.3199        -0.0    -0.0   0.2516         0.0     0.0   0.3488         0.0    -0.0   0.4247        -0.0
 omega_a_group_1 │  0.1474   0.0        0.0        0.0        0.0       -0.0       -0.0       -0.0       -0.0        0.0       -0.0        0.0        0.0       -0.0       -0.0       -0.0     0.0    0.4089              1.0    -0.0   -0.1533             -0.0    -0.0   -0.2447              0.0     0.0  -0.0805         0.0     0.0  -0.0772        -0.0    -0.0  -0.0842        -0.0    -0.0   0.0905        -0.0    -0.0   0.0712         0.0     0.0    0.184         0.0    -0.0    0.224        -0.0
            L_k2 │   0.814  -0.0       -0.0        0.0        0.0        0.0       -0.0       -0.0     0.7071       -0.0     0.7071       -0.0       -0.0        0.0       -0.0       -0.0     0.0       0.0             -0.0     1.0       0.0              0.0    -0.0      -0.0             -0.0    -0.0   0.7962         0.0     0.0   0.7641         0.0    -0.0    0.833        -0.0  0.7071   0.7414        -0.0  0.7071   0.7367         0.0    -0.0   0.3972         0.0    -0.0   0.4836        -0.0
        alpha_k2 │ -0.4081  -0.0       -0.0        0.0       -0.0        0.0       -0.0        0.0        0.0       -0.0        0.0       -0.0        0.0       -0.0       -0.0        0.0    -0.0   -0.6103          -0.1533     0.0       1.0           0.9636    -0.0   -0.5582           -0.219    -0.0  -0.0639        -0.0    -0.0  -0.0613         0.0    -0.0  -0.0669        -0.0     0.0  -0.4577         0.0     0.0  -0.3601        -0.0     0.0   0.0565        -0.0    -0.0   0.0687         0.0
 omega_a_group_2 │ -0.4236  -0.0        0.0        0.0        0.0        0.0       -0.0       -0.0        0.0       -0.0        0.0       -0.0        0.0       -0.0       -0.0        0.0    -0.0    -0.701             -0.0     0.0    0.9636              1.0    -0.0   -0.4196              0.0     0.0  -0.0292         0.0     0.0  -0.0281         0.0    -0.0  -0.0306        -0.0     0.0  -0.4484         0.0     0.0  -0.3527        -0.0     0.0  -0.0146        -0.0    -0.0  -0.0178         0.0
            L_k3 │  0.3351  -0.0        0.0        0.0       -0.0        0.0        0.0        0.0       -0.0        0.0        0.0        0.0     0.4008        0.0     0.9162        0.0    -0.0      -0.0             -0.0    -0.0      -0.0             -0.0     1.0       0.0              0.0     0.0   0.3277        -0.0    -0.0   0.3145         0.0     0.0   0.3429         0.0    -0.0   0.0805        -0.0     0.0   0.0633         0.0  0.4008   0.4363         0.0  0.9162   0.5917        -0.0
        alpha_k3 │  0.0511   0.0        0.0        0.0        0.0       -0.0        0.0       -0.0       -0.0        0.0       -0.0        0.0       -0.0       -0.0        0.0        0.0     0.0   -0.3166          -0.2447    -0.0   -0.5582          -0.4196     0.0       1.0           0.8741     0.0   0.2238         0.0     0.0   0.2148        -0.0     0.0   0.2342         0.0    -0.0   0.2131         0.0    -0.0   0.1676        -0.0    -0.0   -0.433        -0.0     0.0  -0.5271         0.0
 omega_a_group_3 │ -0.1036  -0.0        0.0        0.0        0.0       -0.0        0.0       -0.0       -0.0        0.0       -0.0       -0.0       -0.0       -0.0        0.0        0.0     0.0   -0.5842              0.0    -0.0    -0.219              0.0     0.0    0.8741              1.0     0.0   0.2195         0.0     0.0   0.2107        -0.0     0.0   0.2297         0.0    -0.0   0.0539         0.0    -0.0   0.0424        -0.0    -0.0  -0.4508        -0.0     0.0  -0.5489         0.0
             b_1 │  0.0228   0.0        1.0        0.0        0.0        0.0       -0.0        0.0       -0.0        0.0        0.0       -0.0       -0.0       -0.0        0.0        0.0   0.198       0.0              0.0    -0.0      -0.0              0.0     0.0       0.0              0.0     1.0   0.0498         0.0     0.0    0.037         0.0    -0.0   0.0404         0.0    -0.0   0.0055         0.0     0.0   0.0043        -0.0    -0.0   0.0111        -0.0     0.0   0.0135         0.0
           R_1_1 │  0.7584  -0.0     0.0498    -0.3341     0.1389     0.2073     0.1312     0.0979      0.563       -0.0      0.563       -0.0     0.1314       -0.0     0.3002        0.0  0.1972   -0.1407          -0.0805  0.7962   -0.0639          -0.0292  0.3277    0.2238           0.2195  0.0498      1.0     -0.4052  0.1389   0.6855      0.2562  0.1312   0.8687      0.0294   0.563   0.6398        -0.0   0.563   0.6254         0.0  0.1314    0.357        -0.0  0.3002   0.4544         0.0
      alpha_ik_1 │    -0.0   0.0        0.0     0.8245        0.0    -0.5117        0.0    -0.2417        0.0        0.0        0.0        0.0        0.0        0.0       -0.0       -0.0     0.0      -0.0              0.0     0.0      -0.0              0.0    -0.0       0.0              0.0     0.0  -0.4052         1.0     0.0   0.2975     -0.6322     0.0   0.0204     -0.0725     0.0      0.0        -0.0    -0.0      0.0         0.0     0.0     -0.0         0.0    -0.0     -0.0        -0.0
             b_2 │   0.082   0.0        0.0        0.0        1.0       -0.0       -0.0       -0.0        0.0       -0.0       -0.0        0.0       -0.0       -0.0       -0.0       -0.0  0.7126       0.0              0.0     0.0      -0.0              0.0    -0.0       0.0              0.0     0.0   0.1389         0.0     1.0   0.1657        -0.0    -0.0   0.1454        -0.0     0.0   0.0197        -0.0    -0.0   0.0155         0.0    -0.0     0.04        -0.0    -0.0   0.0487         0.0
           R_1_2 │  0.7302  -0.0      0.037     0.1105     0.1657    -0.4477     0.1259      0.094     0.5403       -0.0     0.5403       -0.0     0.1261        0.0     0.2881        0.0  0.2102    -0.135          -0.0772  0.7641   -0.0613          -0.0281  0.3145    0.2148           0.2107   0.037   0.6855      0.2975  0.1657      1.0     -0.4706  0.1259   0.7496      0.3421  0.5403   0.6145        -0.0  0.5403   0.6007         0.0  0.1261   0.3437         0.0  0.2881   0.4375        -0.0
      alpha_ik_2 │     0.0  -0.0        0.0    -0.2349       -0.0     0.9513       -0.0    -0.1997        0.0        0.0        0.0       -0.0       -0.0       -0.0        0.0        0.0    -0.0       0.0             -0.0     0.0       0.0              0.0     0.0      -0.0             -0.0     0.0   0.2562     -0.6322    -0.0  -0.4706         1.0    -0.0   0.2045     -0.7269     0.0      0.0         0.0     0.0      0.0        -0.0    -0.0      0.0        -0.0     0.0      0.0         0.0
             b_3 │  0.0774  -0.0       -0.0        0.0       -0.0       -0.0        1.0        0.0       -0.0       -0.0       -0.0       -0.0       -0.0        0.0        0.0        0.0   0.673      -0.0             -0.0    -0.0      -0.0             -0.0     0.0       0.0              0.0    -0.0   0.1312         0.0    -0.0   0.1259        -0.0     1.0   0.1608         0.0    -0.0   0.0186        -0.0    -0.0   0.0146         0.0    -0.0   0.0378         0.0     0.0    0.046        -0.0
           R_1_3 │   0.795  -0.0     0.0404     0.1205     0.1454     0.2169     0.1608    -0.1326      0.589       -0.0      0.589       -0.0     0.1374       -0.0     0.3141        0.0  0.2198   -0.1472          -0.0842   0.833   -0.0669          -0.0306  0.3429    0.2342           0.2297  0.0404   0.8687      0.0204  0.1454   0.7496      0.2045  0.1608      1.0     -0.2814   0.589   0.6697        -0.0   0.589   0.6547         0.0  0.1374   0.3742        -0.0  0.3141   0.4764         0.0
      alpha_ik_3 │    -0.0  -0.0        0.0    -0.4284       -0.0     -0.771        0.0     0.4712       -0.0       -0.0       -0.0       -0.0        0.0        0.0       -0.0       -0.0     0.0      -0.0             -0.0    -0.0      -0.0             -0.0     0.0       0.0              0.0     0.0   0.0294     -0.0725    -0.0   0.3421     -0.7269     0.0  -0.2814         1.0    -0.0     -0.0        -0.0    -0.0     -0.0         0.0     0.0     -0.0         0.0    -0.0     -0.0        -0.0
             b_4 │  0.5756  -0.0       -0.0        0.0        0.0        0.0       -0.0       -0.0        1.0       -0.0        0.0       -0.0       -0.0        0.0       -0.0        0.0     0.0       0.0             -0.0  0.7071       0.0              0.0    -0.0      -0.0             -0.0    -0.0    0.563         0.0     0.0   0.5403         0.0    -0.0    0.589        -0.0     1.0      0.8        -0.0     0.0   0.1955         0.0    -0.0   0.2809         0.0    -0.0    0.342        -0.0
           R_2_1 │  0.8313   0.0     0.0055        0.0     0.0197        0.0     0.0186       -0.0        0.8    -0.1985     0.2485     0.1985     0.0322        0.0     0.0737       -0.0  0.0276    0.3199           0.0905  0.7414   -0.4577          -0.4484  0.0805    0.2131           0.0539  0.0055   0.6398         0.0  0.0197   0.6145         0.0  0.0186   0.6697        -0.0     0.8      1.0     -0.2808  0.2485   0.4463      0.2808  0.0322   0.3301         0.0  0.0737   0.4067        -0.0
      alpha_ik_4 │    -0.0   0.0        0.0       -0.0       -0.0        0.0       -0.0        0.0       -0.0     0.7071        0.0    -0.7071        0.0       -0.0        0.0       -0.0    -0.0      -0.0             -0.0    -0.0       0.0              0.0    -0.0       0.0              0.0     0.0     -0.0        -0.0    -0.0     -0.0         0.0    -0.0     -0.0        -0.0    -0.0  -0.2808         1.0     0.0   0.3313        -1.0     0.0      0.0        -0.0     0.0      0.0         0.0
             b_5 │  0.5756  -0.0        0.0        0.0       -0.0        0.0       -0.0       -0.0        0.0       -0.0        1.0       -0.0        0.0       -0.0        0.0       -0.0    -0.0      -0.0             -0.0  0.7071       0.0              0.0     0.0      -0.0             -0.0     0.0    0.563        -0.0    -0.0   0.5403         0.0    -0.0    0.589        -0.0     0.0   0.2485         0.0     1.0   0.8463        -0.0     0.0   0.2809        -0.0     0.0    0.342         0.0
           R_2_2 │  0.7789   0.0     0.0043        0.0     0.0155        0.0     0.0146       -0.0     0.1955     0.2343     0.8463    -0.2343     0.0254        0.0      0.058       -0.0  0.0217    0.2516           0.0712  0.7367   -0.3601          -0.3527  0.0633    0.1676           0.0424  0.0043   0.6254         0.0  0.0155   0.6007         0.0  0.0146   0.6547        -0.0  0.1955   0.4463      0.3313  0.8463      1.0     -0.3313  0.0254   0.3206         0.0   0.058   0.3942        -0.0
      alpha_ik_5 │     0.0  -0.0       -0.0        0.0        0.0       -0.0        0.0       -0.0        0.0    -0.7071       -0.0     0.7071       -0.0        0.0       -0.0        0.0     0.0       0.0              0.0     0.0      -0.0             -0.0     0.0      -0.0             -0.0    -0.0      0.0         0.0     0.0      0.0        -0.0     0.0      0.0         0.0     0.0   0.2808        -1.0    -0.0  -0.3313         1.0    -0.0     -0.0         0.0    -0.0     -0.0        -0.0
             b_6 │  0.1343  -0.0       -0.0        0.0       -0.0       -0.0       -0.0        0.0       -0.0        0.0        0.0        0.0        1.0        0.0       -0.0        0.0    -0.0       0.0              0.0    -0.0       0.0              0.0  0.4008      -0.0             -0.0    -0.0   0.1314         0.0    -0.0   0.1261        -0.0    -0.0   0.1374         0.0    -0.0   0.0322         0.0     0.0   0.0254        -0.0     1.0   0.3395         0.0    -0.0   0.1745        -0.0
           R_3_1 │   0.556   0.0     0.0111       -0.0       0.04        0.0     0.0378       -0.0     0.2809       -0.0     0.2809       -0.0     0.3395    -0.5123     0.3277     0.3415  0.0562    0.3488            0.184  0.3972    0.0565          -0.0146  0.4363    -0.433          -0.4508  0.0111    0.357        -0.0    0.04   0.3437         0.0  0.0378   0.3742        -0.0  0.2809   0.3301         0.0  0.2809   0.3206        -0.0  0.3395      1.0     -0.6157  0.3277   0.5865      0.6157
      alpha_ik_6 │     0.0   0.0       -0.0        0.0       -0.0       -0.0        0.0       -0.0        0.0        0.0       -0.0        0.0        0.0     0.8321       -0.0    -0.5547     0.0       0.0              0.0     0.0      -0.0             -0.0     0.0      -0.0             -0.0    -0.0     -0.0         0.0    -0.0      0.0        -0.0     0.0     -0.0         0.0     0.0      0.0        -0.0    -0.0      0.0         0.0     0.0  -0.6157         1.0    -0.0   0.2343        -1.0
             b_7 │   0.307  -0.0        0.0        0.0       -0.0        0.0        0.0        0.0       -0.0        0.0        0.0       -0.0       -0.0       -0.0        1.0       -0.0    -0.0      -0.0             -0.0    -0.0      -0.0             -0.0  0.9162       0.0              0.0     0.0   0.3002        -0.0    -0.0   0.2881         0.0     0.0   0.3141        -0.0    -0.0   0.0737         0.0     0.0    0.058        -0.0    -0.0   0.3277        -0.0     1.0   0.5695         0.0
           R_3_2 │  0.6972   0.0     0.0135        0.0     0.0487        0.0      0.046        0.0      0.342       -0.0      0.342       -0.0     0.1745     0.1949     0.5695    -0.1299  0.0684    0.4247            0.224  0.4836    0.0687          -0.0178  0.5917   -0.5271          -0.5489  0.0135   0.4544        -0.0  0.0487   0.4375         0.0   0.046   0.4764        -0.0   0.342   0.4067         0.0   0.342   0.3942        -0.0  0.1745   0.5865      0.2343  0.5695      1.0     -0.2343
      alpha_ik_7 │    -0.0  -0.0        0.0       -0.0        0.0        0.0       -0.0        0.0       -0.0       -0.0        0.0       -0.0       -0.0    -0.8321        0.0     0.5547    -0.0      -0.0             -0.0    -0.0       0.0              0.0    -0.0       0.0              0.0     0.0      0.0        -0.0     0.0     -0.0         0.0    -0.0      0.0        -0.0    -0.0     -0.0         0.0     0.0     -0.0        -0.0    -0.0   0.6157        -1.0     0.0  -0.2343         1.0
─────────────────┴─────────────────────────────────────────────────────────────────────────────────────────────────────────────────────────────────────────────────────────────────────────────────────────────────────────────────────────────────────────────────────────────────────────────────────────────────────────────────────────────────────────────────────────────────────────────────────────────────────────────────────────────────────────────────────────────────────────────────────────────

  AUTOCORRELATION COEFFICIENTS

─────────────────┬───────────────────────────────────────
                 │   1       2       3      4       5
─────────────────────────────────────────────────────────
               L │    0.9    0.81  0.729  0.6561  0.5905
               c │ 0.9074  0.8166  0.735  0.6615  0.5953
       omega_G_1 │    0.9    0.81  0.729  0.6561  0.5905
       omega_a_1 │    0.9    0.81  0.729  0.6561  0.5905
       omega_G_2 │    0.9    0.81  0.729  0.6561  0.5905
       omega_a_2 │    0.9    0.81  0.729  0.6561  0.5905
       omega_G_3 │    0.9    0.81  0.729  0.6561  0.5905
       omega_a_3 │    0.9    0.81  0.729  0.6561  0.5905
       omega_G_4 │    0.9    0.81  0.729  0.6561  0.5905
       omega_a_4 │    0.9    0.81  0.729  0.6561  0.5905
       omega_G_5 │    0.9    0.81  0.729  0.6561  0.5905
       omega_a_5 │    0.9    0.81  0.729  0.6561  0.5905
       omega_G_6 │    0.9    0.81  0.729  0.6561  0.5905
       omega_a_6 │    0.9    0.81  0.729  0.6561  0.5905
       omega_G_7 │    0.9    0.81  0.729  0.6561  0.5905
       omega_a_7 │    0.9    0.81  0.729  0.6561  0.5905
            L_k1 │    0.9    0.81  0.729  0.6561  0.5905
        alpha_k1 │    0.9    0.81  0.729  0.6561  0.5905
 omega_a_group_1 │    0.9    0.81  0.729  0.6561  0.5905
            L_k2 │    0.9    0.81  0.729  0.6561  0.5905
        alpha_k2 │    0.9    0.81  0.729  0.6561  0.5905
 omega_a_group_2 │    0.9    0.81  0.729  0.6561  0.5905
            L_k3 │    0.9    0.81  0.729  0.6561  0.5905
        alpha_k3 │    0.9    0.81  0.729  0.6561  0.5905
 omega_a_group_3 │    0.9    0.81  0.729  0.6561  0.5905
             b_1 │    0.9    0.81  0.729  0.6561  0.5905
           R_1_1 │    0.9    0.81  0.729  0.6561  0.5905
      alpha_ik_1 │    0.9    0.81  0.729  0.6561  0.5905
             b_2 │    0.9    0.81  0.729  0.6561  0.5905
           R_1_2 │    0.9    0.81  0.729  0.6561  0.5905
      alpha_ik_2 │    0.9    0.81  0.729  0.6561  0.5905
             b_3 │    0.9    0.81  0.729  0.6561  0.5905
           R_1_3 │    0.9    0.81  0.729  0.6561  0.5905
      alpha_ik_3 │    0.9    0.81  0.729  0.6561  0.5905
             b_4 │    0.9    0.81  0.729  0.6561  0.5905
           R_2_1 │    0.9    0.81  0.729  0.6561  0.5905
      alpha_ik_4 │    0.9    0.81  0.729  0.6561  0.5905
             b_5 │    0.9    0.81  0.729  0.6561  0.5905
           R_2_2 │    0.9    0.81  0.729  0.6561  0.5905
      alpha_ik_5 │    0.9    0.81  0.729  0.6561  0.5905
             b_6 │    0.9    0.81  0.729  0.6561  0.5905
           R_3_1 │    0.9    0.81  0.729  0.6561  0.5905
      alpha_ik_6 │    0.9    0.81  0.729  0.6561  0.5905
             b_7 │    0.9    0.81  0.729  0.6561  0.5905
           R_3_2 │    0.9    0.81  0.729  0.6561  0.5905
      alpha_ik_7 │    0.9    0.81  0.729  0.6561  0.5905
─────────────────┴───────────────────────────────────────

2026-01-21T16:38:06.525: End parse_statements!
2026-01-21T16:38:06.525: End parser
