Starting Dynare (version 6.5).
Calling Dynare with arguments: none
Starting preprocessing of the model file ... 
Found 39 equation(s). 
Evaluating expressions... 
Computing static model derivatives (order 1). 
Normalizing the static model... 
Finding the optimal block decomposition of the static model... 
17 block(s) found: 
  16 recursive block(s) and 1 simultaneous block(s). 
  the largest simultaneous block has 23 equation(s) 
                                 and 23 feedback variable(s). 
Computing dynamic model derivatives (order 1). 
Normalizing the dynamic model... 
Finding the optimal block decomposition of the dynamic model... 
10 block(s) found: 
  9 recursive block(s) and 1 simultaneous block(s). 
  the largest simultaneous block has 27 equation(s) 
                                 and 27 feedback variable(s). 
Preprocessing completed. 
Preprocessing time: 0h00m00s.

EIGENVALUES:
         Modulus             Real        Imaginary
               0                0                0
               0                0                0
               0                0                0
       7.399e-18       -7.399e-18                0
       3.025e-17       -3.025e-17                0
       6.231e-17       -6.231e-17                0
       6.138e-16        6.138e-16                0
       2.607e-15        2.607e-15                0
            0.66             0.66                0
          0.8909           0.8909                0
            0.95             0.95                0
            0.95             0.95                0
          0.9899           0.9899                0
            1.01             1.01                0
           1.019            1.019                0
           1.022            1.022                0
             1.5              1.5                0
       2.648e+16       -2.648e+16                0
       1.059e+19       -1.059e+19                0
        3.32e+19         3.32e+19                0
       6.286e+19        6.286e+19                0
       6.113e+32        6.113e+32                0
             Inf              Inf                0
             Inf              Inf                0

There are 11 eigenvalue(s) larger than 1 in modulus for 11 forward-looking variable(s)
The rank condition is verified.


STEADY-STATE RESULTS:

Y        		 -0.234356
Ym       		 -0.234356
K        		 1.52034
Keff     		 1.52034
L        		 -1.09861
I        		 -2.16853
C        		 -0.688816
G        		 -1.77339
Q        		 0.377442
varrho   		 0.688816
Lambda   		 0
Rk       		 0.0125223
R        		 0.0100503
N        		 0.511492
Ne       		 0.502541
Nn       		 -4.20896
nu       		 -5.58873
eta      		 0.412786
phi      		 1.38629
z        		 0.0199017
x        		 0.0199017
Pm       		 -0.274412
w        		 0.18937
VMPK     		 -3.13772
U        		 0
X        		 0.274412
D        		 0
F        		 -0.508768
Z        		 -0.234356
i        		 0.0100503
prem     		 0.00247194
delta    		 -3.68888
In       		 0
Welf     		 -134.678
a        		 0
ksi      		 0
g        		 0
infl     		 -2e-10
inflstar 		 -2e-10

MODEL SUMMARY

  Number of variables:         39
  Number of stochastic shocks: 5
  Number of state variables:   13
  Number of jumpers:           11
  Number of static variables:  17


MATRIX OF COVARIANCE OF EXOGENOUS SHOCKS
Variables         e_a     e_ksi       e_g      e_Ne       e_i
e_a          0.000000  0.000000  0.000000  0.000000  0.000000
e_ksi        0.000000  0.002500  0.000000  0.000000  0.000000
e_g          0.000000  0.000000  0.000000  0.000000  0.000000
e_Ne         0.000000  0.000000  0.000000  0.000000  0.000000
e_i          0.000000  0.000000  0.000000  0.000000  0.000000

POLICY AND TRANSITION FUNCTIONS
                                   Y              Ym               K            Keff               L               I               C               G               Q          varrho          Lambda              Rk               R               N              Ne              Nn              nu             eta             phi               z               x              Pm               w            VMPK               U               X               D               F               Z               i            prem           delta              In            Welf               a             ksi               g            infl        inflstar
Constant                   -0.234356       -0.234356        1.520345        1.520345       -1.098612       -2.168535       -0.688816       -1.773387        0.377442        0.688816               0        0.012522        0.010050        0.511492        0.502541       -4.208963       -5.588729        0.412786        1.386294        0.019902        0.019902       -0.274412        0.189370       -3.137718               0        0.274412               0       -0.508768       -0.234356        0.010050        0.002472       -3.688879               0     -134.677664               0               0               0               0               0
K(-1)                       0.330000        0.330000        0.972360        1.000000               0       -0.105606        0.649766               0       -1.895044       -0.649766       -0.649766       -1.891140       -0.036976       -7.450008       -7.508945       -0.895044       12.409832        6.404467        6.527324       -7.508945       -0.981621               0        0.329999       -0.669962               0               0               0        0.330000        0.330000       -0.092703        0.190070               0       -0.126421       19.753033               0               0               0       -0.061802       -0.061802
Q(-1)                              0               0       -0.022894               0               0       -0.915741        0.304131               0       -1.569610       -0.304131       -0.304131       -2.550077       -0.042727      -10.049074      -10.125315       -1.569610       16.077740        8.297401        8.456570      -10.125315       -1.668744               0               0               0               0               0               0               0               0       -0.104751        0.247509               0       -0.104710       -1.426186               0               0               0       -0.069834       -0.069834
varrho(-1)                         0               0               0               0               0               0               0               0               0               0       -1.000000               0               0               0               0               0               0               0               0               0               0               0               0               0               0               0               0               0               0               0               0               0               0               0               0               0               0               0               0
R(-1)                              0               0       -0.017128               0               0       -0.685110        0.227535               0       -1.174301       -0.227535       -0.227535       -1.159688       -0.031966       -7.518198       -7.575237       -1.174301       12.028534        6.207687        6.326769       -7.575237       -1.248468               0               0               0               0               0               0               0               0       -0.078370        0.185173               0       -0.078339       -1.066998               0               0               0       -0.052246       -0.052246
N(-1)                              0               0        0.005766               0               0        0.230631       -0.076596               0        0.395309        0.076596        0.076596        0.390390        0.010761        2.530876        2.550077        0.395309       -4.049205       -2.089714       -2.129801        1.550077       -0.579724               0               0               0               0               0               0               0               0        0.026382       -0.062335               0        0.026372        0.359187               0               0               0        0.017588        0.017588
phi(-1)                            0               0        0.000057               0               0        0.002261       -0.000751               0        0.003875        0.000751        0.000751        0.003827        0.000105        0.024810        0.024998        0.003875       -0.039694       -0.020485       -0.020878        0.024998       -0.995880               0               0               0               0               0               0               0               0        0.000259       -0.000611               0        0.000259        0.003521               0               0               0        0.000172        0.000172
a(-1)                       0.950000        0.950000        0.036979               0               0        1.479164        1.005304               0        2.535334       -1.005304       -1.005304        2.531687       -0.018682        9.985309       10.052293        2.535334      -14.093682       -7.273468       -7.412995       10.052293        2.639298               0        0.949997        0.949946               0               0               0        0.950000        0.950000       -0.061915       -0.219990               0        0.169135       28.460056        0.950000               0               0       -0.041277       -0.041277
ksi(-1)                     0.217800        0.217800        0.642125        0.660000               0       -0.054997        0.361370               0       -0.094266       -0.361370       -0.361370        0.553919        0.128907        2.184830        2.199387        0.565734       -3.112229       -1.606159       -1.636970        2.199387        0.562417               0        0.217799       -0.442175               0               0               0        0.217800        0.217800        0.227170       -0.040107               0       -0.081756       39.488129               0        0.660000               0        0.151447        0.151447
g(-1)                              0               0       -0.005912               0               0       -0.236488       -0.242604        0.950000       -0.405347        0.242604        0.242604       -0.400303        0.006563       -1.578888       -1.589440       -0.405347        2.219911        1.145652        1.167629       -1.589440       -0.421811               0               0               0               0               0               0               0               0        0.019976        0.038473               0       -0.027041       -5.885844               0               0        0.950000        0.013317        0.013317
e_a                        -1.000000       -1.000000       -0.038925               0               0       -1.557014       -1.058215               0       -2.668773        1.058215        1.058215       -2.664933        0.019665      -10.510851      -10.581361       -2.668773       14.835455        7.656282        7.803153      -10.581361       -2.778208               0       -0.999997       -0.999943               0               0               0       -1.000000       -1.000000        0.065174        0.231569               0       -0.178037      -29.957953       -1.000000               0               0        0.043449        0.043449
e_ksi                      -0.330000       -0.330000       -0.972917       -1.000000               0        0.083328       -0.547531               0        0.142827        0.547531        0.547531       -0.839272       -0.195314       -3.310348       -3.332405       -0.857173        4.715498        2.433574        2.480258       -3.332405       -0.852147               0       -0.329999        0.669962               0               0               0       -0.330000       -0.330000       -0.344197        0.060768               0        0.123873      -59.830499               0       -1.000000               0       -0.229465       -0.229465
e_g                                0               0        0.006223               0               0        0.248934        0.255372       -1.000000        0.426681       -0.255372       -0.255372        0.421372       -0.006908        1.661988        1.673095        0.426681       -2.336748       -1.205949       -1.229083        1.673095        0.444012               0               0               0               0               0               0               0               0       -0.021027       -0.040498               0        0.028464        6.195625               0               0       -1.000000       -0.014018       -0.014018
e_Ne                               0               0       -0.005766               0               0       -0.230631        0.076596               0       -0.395309       -0.076596       -0.076596       -0.390390       -0.010761       -2.530876       -2.550077       -0.395309        4.049205        2.089714        2.129801       -1.550077        0.579724               0               0               0               0               0               0               0               0       -0.026382        0.062335               0       -0.026372       -0.359187               0               0               0       -0.017588       -0.017588
e_i                                0               0               0               0               0               0               0               0               0               0               0               0               0               0               0               0               0               0               0               0               0               0               0               0               0               0               0               0               0               0               0               0               0               0               0               0               0       -0.666667       -0.666667


MOMENTS OF SIMULATED VARIABLES
VARIABLE              MEAN       STD. DEV.        VARIANCE        SKEWNESS        KURTOSIS
Y                -0.210316        0.392331        0.153924       -0.560392        0.731154
Ym               -0.210316        0.392331        0.153924       -0.560392        0.731154
K                 1.592465        1.176980        1.385281       -0.560385        0.731027
Keff              1.593195        1.188882        1.413440       -0.560392        0.731154
L                -1.098612        0.000000        0.000000             NaN             NaN
I                -2.124896        0.714064        0.509887       -0.556991        0.716171
C                -0.658603        0.492842        0.242893       -0.560811        0.735668
G                -1.773387        0.000000        0.000000             NaN             NaN
Q                 0.328728        0.794440        0.631135        0.564188        0.749229
varrho            0.658603        0.492842        0.242893        0.560811        0.735668
Lambda           -0.000019        0.030915        0.000956        0.006296        0.193234
Rk                0.012372        0.043033        0.001852       -0.089535        0.177696
R                 0.009935        0.013838        0.000191        0.109939        0.207564
N                 0.540378        0.591640        0.350038       -0.332676        0.209242
Ne                0.531470        0.593738        0.352525       -0.330919        0.206914
Nn               -4.184826        0.400445        0.160356       -0.539067        0.653617
nu               -5.599147        0.566455        0.320872       -0.113121        0.090497
eta               0.407409        0.292336        0.085461       -0.113121        0.090497
phi               1.380815        0.297944        0.088771       -0.113121        0.090497
z                 0.019538        0.166617        0.027761       -0.116644        0.172938
x                 0.019891        0.043796        0.001918       -0.077811        0.193015
Pm               -0.274412        0.000000        0.000000             NaN             NaN
w                 0.213410        0.392330        0.153923       -0.560392        0.731154
VMPK             -3.186525        0.796505        0.634420        0.560392        0.731154
U                 0.000000        0.000000        0.000000             NaN             NaN
X                 0.274412        0.000000        0.000000             NaN             NaN
D                -0.000000        0.000000        0.000000             NaN             NaN
F                -0.484727        0.392331        0.153924       -0.560392        0.731154
Z                -0.210316        0.392331        0.153924       -0.560392        0.731154
i                 0.009512        0.026155        0.000684        0.159397        0.189432
prem              0.002251        0.008488        0.000072       -0.026864        0.045153
delta            -3.688879        0.000000        0.000000             NaN             NaN
In               -0.003340        0.054657        0.002987        0.554487        0.728280
Welf           -133.127017       25.477309      649.093280       -0.549221        0.703155
a                -0.000000        0.000000        0.000000             NaN             NaN
ksi               0.000791        0.068592        0.004705        0.030862        0.146760
g                 0.000000        0.000000        0.000000             NaN             NaN
infl             -0.000359        0.017437        0.000304        0.159397        0.189432
inflstar         -0.000359        0.017437        0.000304        0.159397        0.189432


CORRELATION OF SIMULATED VARIABLES
VARIABLE           Y        Ym         K      Keff         L         I         C         G         Q    varrho    Lambda        Rk         R         N        Ne        Nn        nu       eta       phi         z         x        Pm         w      VMPK         U         X         D         F         Z         i      prem     delta        In      Welf         a       ksi         g      infl  inflstar
Y             1.0000    1.0000    1.0000    1.0000       NaN    0.9982    0.9998       NaN   -0.9975   -0.9998   -0.0169   -0.0649   -0.1198    0.8237    0.8222    0.9900   -0.3451   -0.3451   -0.3451   -0.0527   -0.0078       NaN    1.0000   -1.0000       NaN       NaN       NaN    1.0000    1.0000   -0.3186   -0.4701       NaN   -0.9960    0.9947       NaN    0.2008       NaN   -0.3186   -0.3186
Ym            1.0000    1.0000    1.0000    1.0000       NaN    0.9982    0.9998       NaN   -0.9975   -0.9998   -0.0169   -0.0649   -0.1198    0.8237    0.8222    0.9900   -0.3451   -0.3451   -0.3451   -0.0527   -0.0078       NaN    1.0000   -1.0000       NaN       NaN       NaN    1.0000    1.0000   -0.3186   -0.4701       NaN   -0.9960    0.9947       NaN    0.2008       NaN   -0.3186   -0.3186
K             1.0000    1.0000    1.0000    1.0000       NaN    0.9983    0.9998       NaN   -0.9975   -0.9998   -0.0161   -0.0657   -0.1206    0.8235    0.8219    0.9899   -0.3446   -0.3446   -0.3446   -0.0534   -0.0087       NaN    1.0000   -1.0000       NaN       NaN       NaN    1.0000    1.0000   -0.3193   -0.4697       NaN   -0.9959    0.9946       NaN    0.2000       NaN   -0.3193   -0.3193
Keff          1.0000    1.0000    1.0000    1.0000       NaN    0.9982    0.9998       NaN   -0.9975   -0.9998   -0.0169   -0.0649   -0.1198    0.8237    0.8222    0.9900   -0.3451   -0.3451   -0.3451   -0.0527   -0.0078       NaN    1.0000   -1.0000       NaN       NaN       NaN    1.0000    1.0000   -0.3186   -0.4701       NaN   -0.9960    0.9947       NaN    0.2008       NaN   -0.3186   -0.3186
L                NaN       NaN       NaN       NaN       NaN       NaN       NaN       NaN       NaN       NaN       NaN       NaN       NaN       NaN       NaN       NaN       NaN       NaN       NaN       NaN       NaN       NaN       NaN       NaN       NaN       NaN       NaN       NaN       NaN       NaN       NaN       NaN       NaN       NaN       NaN       NaN       NaN       NaN       NaN
I             0.9982    0.9982    0.9983    0.9982       NaN    1.0000    0.9970       NaN   -0.9981   -0.9970    0.0383   -0.1192   -0.1725    0.8042    0.8026    0.9834   -0.3149   -0.3149   -0.3149   -0.1012   -0.0622       NaN    0.9982   -0.9982       NaN       NaN       NaN    0.9982    0.9982   -0.3679   -0.4444       NaN   -0.9889    0.9873       NaN    0.1468       NaN   -0.3679   -0.3679
C             0.9998    0.9998    0.9998    0.9998       NaN    0.9970    1.0000       NaN   -0.9969   -1.0000   -0.0309   -0.0498   -0.1072    0.8262    0.8247    0.9906   -0.3492   -0.3492   -0.3492   -0.0384    0.0069       NaN    0.9998   -0.9998       NaN       NaN       NaN    0.9998    0.9998   -0.3067   -0.4730       NaN   -0.9974    0.9959       NaN    0.2139       NaN   -0.3067   -0.3067
G                NaN       NaN       NaN       NaN       NaN       NaN       NaN       NaN       NaN       NaN       NaN       NaN       NaN       NaN       NaN       NaN       NaN       NaN       NaN       NaN       NaN       NaN       NaN       NaN       NaN       NaN       NaN       NaN       NaN       NaN       NaN       NaN       NaN       NaN       NaN       NaN       NaN       NaN       NaN
Q            -0.9975   -0.9975   -0.9975   -0.9975       NaN   -0.9981   -0.9969       NaN    1.0000    0.9969   -0.0385    0.1056    0.1818   -0.7814   -0.7797   -0.9775    0.2776    0.2776    0.2776    0.0797    0.0522       NaN   -0.9975    0.9975       NaN       NaN       NaN   -0.9975   -0.9975    0.3778    0.4066       NaN    0.9899   -0.9858       NaN   -0.1409       NaN    0.3778    0.3778
varrho       -0.9998   -0.9998   -0.9998   -0.9998       NaN   -0.9970   -1.0000       NaN    0.9969    1.0000    0.0309    0.0498    0.1072   -0.8262   -0.8247   -0.9906    0.3492    0.3492    0.3492    0.0384   -0.0069       NaN   -0.9998    0.9998       NaN       NaN       NaN   -0.9998   -0.9998    0.3067    0.4730       NaN    0.9974   -0.9959       NaN   -0.2139       NaN    0.3067    0.3067
Lambda       -0.0169   -0.0169   -0.0161   -0.0169       NaN    0.0383   -0.0309       NaN   -0.0385    0.0309    1.0000   -0.9533   -0.9521   -0.4394   -0.4410   -0.1265    0.7064    0.7064    0.7064   -0.8517   -0.9702       NaN   -0.0169    0.0169       NaN       NaN       NaN   -0.0169   -0.0169   -0.9025    0.6297       NaN    0.0992   -0.1166       NaN   -0.9516       NaN   -0.9025   -0.9025
Rk           -0.0649   -0.0649   -0.0657   -0.0649       NaN   -0.1192   -0.0498       NaN    0.1056    0.0498   -0.9533    1.0000    0.8425    0.2528    0.2540    0.0167   -0.4801   -0.4801   -0.4801    0.9672    0.9965       NaN   -0.0649    0.0649       NaN       NaN       NaN   -0.0649   -0.0649    0.8104   -0.3986       NaN   -0.0167    0.0239       NaN    0.8295       NaN    0.8104    0.8104
R            -0.1198   -0.1198   -0.1206   -0.1198       NaN   -0.1725   -0.1072       NaN    0.1818    0.1072   -0.9521    0.8425    1.0000    0.3848    0.3869    0.0048   -0.7560   -0.7560   -0.7560    0.6796    0.8622       NaN   -0.1198    0.1198       NaN       NaN       NaN   -0.1198   -0.1198    0.9790   -0.6624       NaN    0.0404   -0.0168       NaN    0.9469       NaN    0.9790    0.9790
N             0.8237    0.8237    0.8235    0.8237       NaN    0.8042    0.8262       NaN   -0.7814   -0.8262   -0.4394    0.2528    0.3848    1.0000    1.0000    0.8953   -0.8164   -0.8164   -0.8164    0.1531    0.3286       NaN    0.8237   -0.8237       NaN       NaN       NaN    0.8237    0.8237    0.2049   -0.8864       NaN   -0.8474    0.8681       NaN    0.6251       NaN    0.2049    0.2049
Ne            0.8222    0.8222    0.8219    0.8222       NaN    0.8026    0.8247       NaN   -0.7797   -0.8247   -0.4410    0.2540    0.3869    1.0000    1.0000    0.8941   -0.8179   -0.8179   -0.8179    0.1539    0.3299       NaN    0.8222   -0.8222       NaN       NaN       NaN    0.8222    0.8222    0.2072   -0.8876       NaN   -0.8460    0.8668       NaN    0.6266       NaN    0.2072    0.2072
Nn            0.9900    0.9900    0.9899    0.9900       NaN    0.9834    0.9906       NaN   -0.9775   -0.9906   -0.1265    0.0167    0.0048    0.8953    0.8941    1.0000   -0.4737   -0.4737   -0.4737    0.0016    0.0802       NaN    0.9900   -0.9900       NaN       NaN       NaN    0.9900    0.9900   -0.1962   -0.5889       NaN   -0.9933    0.9972       NaN    0.3167       NaN   -0.1962   -0.1962
nu           -0.3451   -0.3451   -0.3446   -0.3451       NaN   -0.3149   -0.3492       NaN    0.2776    0.3492    0.7064   -0.4801   -0.7560   -0.8164   -0.8179   -0.4737    1.0000    1.0000    1.0000   -0.3026   -0.5478       NaN   -0.3451    0.3451       NaN       NaN       NaN   -0.3451   -0.3451   -0.6608    0.9889       NaN    0.3879   -0.4236       NaN   -0.8270       NaN   -0.6608   -0.6608
eta          -0.3451   -0.3451   -0.3446   -0.3451       NaN   -0.3149   -0.3492       NaN    0.2776    0.3492    0.7064   -0.4801   -0.7560   -0.8164   -0.8179   -0.4737    1.0000    1.0000    1.0000   -0.3026   -0.5478       NaN   -0.3451    0.3451       NaN       NaN       NaN   -0.3451   -0.3451   -0.6608    0.9889       NaN    0.3879   -0.4236       NaN   -0.8270       NaN   -0.6608   -0.6608
phi          -0.3451   -0.3451   -0.3446   -0.3451       NaN   -0.3149   -0.3492       NaN    0.2776    0.3492    0.7064   -0.4801   -0.7560   -0.8164   -0.8179   -0.4737    1.0000    1.0000    1.0000   -0.3026   -0.5478       NaN   -0.3451    0.3451       NaN       NaN       NaN   -0.3451   -0.3451   -0.6608    0.9889       NaN    0.3879   -0.4236       NaN   -0.8270       NaN   -0.6608   -0.6608
z            -0.0527   -0.0527   -0.0534   -0.0527       NaN   -0.1012   -0.0384       NaN    0.0797    0.0384   -0.8517    0.9672    0.6796    0.1531    0.1539    0.0016   -0.3026   -0.3026   -0.3026    1.0000    0.9531       NaN   -0.0527    0.0527       NaN       NaN       NaN   -0.0527   -0.0527    0.6503   -0.2335       NaN   -0.0202    0.0198       NaN    0.6789       NaN    0.6503    0.6503
x            -0.0078   -0.0078   -0.0087   -0.0078       NaN   -0.0622    0.0069       NaN    0.0522   -0.0069   -0.9702    0.9965    0.8622    0.3286    0.3299    0.0802   -0.5478   -0.5478   -0.5478    0.9531    1.0000       NaN   -0.0078    0.0078       NaN       NaN       NaN   -0.0078   -0.0078    0.8186   -0.4724       NaN   -0.0734    0.0831       NaN    0.8640       NaN    0.8186    0.8186
Pm               NaN       NaN       NaN       NaN       NaN       NaN       NaN       NaN       NaN       NaN       NaN       NaN       NaN       NaN       NaN       NaN       NaN       NaN       NaN       NaN       NaN       NaN       NaN       NaN       NaN       NaN       NaN       NaN       NaN       NaN       NaN       NaN       NaN       NaN       NaN       NaN       NaN       NaN       NaN
w             1.0000    1.0000    1.0000    1.0000       NaN    0.9982    0.9998       NaN   -0.9975   -0.9998   -0.0169   -0.0649   -0.1198    0.8237    0.8222    0.9900   -0.3451   -0.3451   -0.3451   -0.0527   -0.0078       NaN    1.0000   -1.0000       NaN       NaN       NaN    1.0000    1.0000   -0.3186   -0.4701       NaN   -0.9960    0.9947       NaN    0.2008       NaN   -0.3186   -0.3186
VMPK         -1.0000   -1.0000   -1.0000   -1.0000       NaN   -0.9982   -0.9998       NaN    0.9975    0.9998    0.0169    0.0649    0.1198   -0.8237   -0.8222   -0.9900    0.3451    0.3451    0.3451    0.0527    0.0078       NaN   -1.0000    1.0000       NaN       NaN       NaN   -1.0000   -1.0000    0.3186    0.4701       NaN    0.9960   -0.9947       NaN   -0.2008       NaN    0.3186    0.3186
U                NaN       NaN       NaN       NaN       NaN       NaN       NaN       NaN       NaN       NaN       NaN       NaN       NaN       NaN       NaN       NaN       NaN       NaN       NaN       NaN       NaN       NaN       NaN       NaN       NaN       NaN       NaN       NaN       NaN       NaN       NaN       NaN       NaN       NaN       NaN       NaN       NaN       NaN       NaN
X                NaN       NaN       NaN       NaN       NaN       NaN       NaN       NaN       NaN       NaN       NaN       NaN       NaN       NaN       NaN       NaN       NaN       NaN       NaN       NaN       NaN       NaN       NaN       NaN       NaN       NaN       NaN       NaN       NaN       NaN       NaN       NaN       NaN       NaN       NaN       NaN       NaN       NaN       NaN
D                NaN       NaN       NaN       NaN       NaN       NaN       NaN       NaN       NaN       NaN       NaN       NaN       NaN       NaN       NaN       NaN       NaN       NaN       NaN       NaN       NaN       NaN       NaN       NaN       NaN       NaN       NaN       NaN       NaN       NaN       NaN       NaN       NaN       NaN       NaN       NaN       NaN       NaN       NaN
F             1.0000    1.0000    1.0000    1.0000       NaN    0.9982    0.9998       NaN   -0.9975   -0.9998   -0.0169   -0.0649   -0.1198    0.8237    0.8222    0.9900   -0.3451   -0.3451   -0.3451   -0.0527   -0.0078       NaN    1.0000   -1.0000       NaN       NaN       NaN    1.0000    1.0000   -0.3186   -0.4701       NaN   -0.9960    0.9947       NaN    0.2008       NaN   -0.3186   -0.3186
Z             1.0000    1.0000    1.0000    1.0000       NaN    0.9982    0.9998       NaN   -0.9975   -0.9998   -0.0169   -0.0649   -0.1198    0.8237    0.8222    0.9900   -0.3451   -0.3451   -0.3451   -0.0527   -0.0078       NaN    1.0000   -1.0000       NaN       NaN       NaN    1.0000    1.0000   -0.3186   -0.4701       NaN   -0.9960    0.9947       NaN    0.2008       NaN   -0.3186   -0.3186
i            -0.3186   -0.3186   -0.3193   -0.3186       NaN   -0.3679   -0.3067       NaN    0.3778    0.3067   -0.9025    0.8104    0.9790    0.2049    0.2072   -0.1962   -0.6608   -0.6608   -0.6608    0.6503    0.8186       NaN   -0.3186    0.3186       NaN       NaN       NaN   -0.3186   -0.3186    1.0000   -0.5464       NaN    0.2427   -0.2193       NaN    0.8617       NaN    1.0000    1.0000
prem         -0.4701   -0.4701   -0.4697   -0.4701       NaN   -0.4444   -0.4730       NaN    0.4066    0.4730    0.6297   -0.3986   -0.6624   -0.8864   -0.8876   -0.5889    0.9889    0.9889    0.9889   -0.2335   -0.4724       NaN   -0.4701    0.4701       NaN       NaN       NaN   -0.4701   -0.4701   -0.5464    1.0000       NaN    0.5053   -0.5397       NaN   -0.7736       NaN   -0.5464   -0.5464
delta            NaN       NaN       NaN       NaN       NaN       NaN       NaN       NaN       NaN       NaN       NaN       NaN       NaN       NaN       NaN       NaN       NaN       NaN       NaN       NaN       NaN       NaN       NaN       NaN       NaN       NaN       NaN       NaN       NaN       NaN       NaN       NaN       NaN       NaN       NaN       NaN       NaN       NaN       NaN
In           -0.9960   -0.9960   -0.9959   -0.9960       NaN   -0.9889   -0.9974       NaN    0.9899    0.9974    0.0992   -0.0167    0.0404   -0.8474   -0.8460   -0.9933    0.3879    0.3879    0.3879   -0.0202   -0.0734       NaN   -0.9960    0.9960       NaN       NaN       NaN   -0.9960   -0.9960    0.2427    0.5053       NaN    1.0000   -0.9991       NaN   -0.2801       NaN    0.2427    0.2427
Welf          0.9947    0.9947    0.9946    0.9947       NaN    0.9873    0.9959       NaN   -0.9858   -0.9959   -0.1166    0.0239   -0.0168    0.8681    0.8668    0.9972   -0.4236   -0.4236   -0.4236    0.0198    0.0831       NaN    0.9947   -0.9947       NaN       NaN       NaN    0.9947    0.9947   -0.2193   -0.5397       NaN   -0.9991    1.0000       NaN    0.3009       NaN   -0.2193   -0.2193
a                NaN       NaN       NaN       NaN       NaN       NaN       NaN       NaN       NaN       NaN       NaN       NaN       NaN       NaN       NaN       NaN       NaN       NaN       NaN       NaN       NaN       NaN       NaN       NaN       NaN       NaN       NaN       NaN       NaN       NaN       NaN       NaN       NaN       NaN       NaN       NaN       NaN       NaN       NaN
ksi           0.2008    0.2008    0.2000    0.2008       NaN    0.1468    0.2139       NaN   -0.1409   -0.2139   -0.9516    0.8295    0.9469    0.6251    0.6266    0.3167   -0.8270   -0.8270   -0.8270    0.6789    0.8640       NaN    0.2008   -0.2008       NaN       NaN       NaN    0.2008    0.2008    0.8617   -0.7736       NaN   -0.2801    0.3009       NaN    1.0000       NaN    0.8617    0.8617
g                NaN       NaN       NaN       NaN       NaN       NaN       NaN       NaN       NaN       NaN       NaN       NaN       NaN       NaN       NaN       NaN       NaN       NaN       NaN       NaN       NaN       NaN       NaN       NaN       NaN       NaN       NaN       NaN       NaN       NaN       NaN       NaN       NaN       NaN       NaN       NaN       NaN       NaN       NaN
infl         -0.3186   -0.3186   -0.3193   -0.3186       NaN   -0.3679   -0.3067       NaN    0.3778    0.3067   -0.9025    0.8104    0.9790    0.2049    0.2072   -0.1962   -0.6608   -0.6608   -0.6608    0.6503    0.8186       NaN   -0.3186    0.3186       NaN       NaN       NaN   -0.3186   -0.3186    1.0000   -0.5464       NaN    0.2427   -0.2193       NaN    0.8617       NaN    1.0000    1.0000
inflstar     -0.3186   -0.3186   -0.3193   -0.3186       NaN   -0.3679   -0.3067       NaN    0.3778    0.3067   -0.9025    0.8104    0.9790    0.2049    0.2072   -0.1962   -0.6608   -0.6608   -0.6608    0.6503    0.8186       NaN   -0.3186    0.3186       NaN       NaN       NaN   -0.3186   -0.3186    1.0000   -0.5464       NaN    0.2427   -0.2193       NaN    0.8617       NaN    1.0000    1.0000


AUTOCORRELATION OF SIMULATED VARIABLES
VARIABLE          1        2        3        4        5
Y            0.9979   0.9941   0.9890   0.9829   0.9764
Ym           0.9979   0.9941   0.9890   0.9829   0.9764
K            0.9979   0.9941   0.9890   0.9830   0.9764
Keff         0.9979   0.9941   0.9890   0.9829   0.9764
L               NaN      NaN      NaN      NaN      NaN
I            0.9974   0.9930   0.9869   0.9800   0.9727
C            0.9975   0.9937   0.9886   0.9829   0.9767
G               NaN      NaN      NaN      NaN      NaN
Q            0.9984   0.9956   0.9916   0.9867   0.9813
varrho       0.9975   0.9937   0.9886   0.9829   0.9767
Lambda       0.4723   0.3088   0.1786   0.1049   0.0959
Rk           0.2454   0.1268   0.0251  -0.0247  -0.0043
R            0.7098   0.4871   0.3207   0.2202   0.1821
N            0.9602   0.9164   0.8725   0.8332   0.8006
Ne           0.9600   0.9159   0.8717   0.8323   0.7995
Nn           0.9935   0.9848   0.9746   0.9642   0.9540
nu           0.9106   0.8183   0.7299   0.6548   0.5960
eta          0.9106   0.8183   0.7299   0.6548   0.5960
phi          0.9106   0.8183   0.7299   0.6548   0.5960
z            0.0599   0.0040  -0.0588  -0.0822  -0.0371
x            0.2631   0.1480   0.0483  -0.0015   0.0166
Pm              NaN      NaN      NaN      NaN      NaN
w            0.9979   0.9941   0.9890   0.9829   0.9764
VMPK         0.9979   0.9941   0.9890   0.9829   0.9764
U               NaN      NaN      NaN      NaN      NaN
X               NaN      NaN      NaN      NaN      NaN
D               NaN      NaN      NaN      NaN      NaN
F            0.9979   0.9941   0.9890   0.9829   0.9764
Z            0.9979   0.9941   0.9890   0.9829   0.9764
i            0.7453   0.5492   0.4020   0.3125   0.2775
prem         0.9341   0.8590   0.7828   0.7142   0.6567
delta           NaN      NaN      NaN      NaN      NaN
In           0.9932   0.9866   0.9800   0.9738   0.9682
Welf         0.9927   0.9850   0.9770   0.9693   0.9623
a               NaN      NaN      NaN      NaN      NaN
ksi          0.6929   0.4594   0.2865   0.1840   0.1477
g               NaN      NaN      NaN      NaN      NaN
infl         0.7453   0.5492   0.4020   0.3125   0.2775
inflstar     0.7453   0.5492   0.4020   0.3125   0.2775



VARIANCE DECOMPOSITION SIMULATING ONE SHOCK AT A TIME (in percent)
                         e_a             e_ksi               e_g              e_Ne               e_i  Tot. lin. contr.
Y                       0.00            100.05              0.00              0.00              0.00            100.05
Ym                      0.00            100.05              0.00              0.00              0.00            100.05
K                       0.00            100.05              0.00              0.00              0.00            100.05
Keff                    0.00            100.05              0.00              0.00              0.00            100.05
L                        NaN               NaN               NaN               NaN               NaN               NaN
I                       0.00            100.05              0.00              0.00              0.00            100.05
C                       0.00            100.05              0.00              0.00              0.00            100.05
G                        NaN               NaN               NaN               NaN               NaN               NaN
Q                       0.00            100.05              0.00              0.00              0.00            100.05
varrho                  0.00            100.05              0.00              0.00              0.00            100.05
Lambda                  0.00            100.05              0.00              0.00              0.00            100.05
Rk                      0.00            100.05              0.00              0.00              0.00            100.05
R                       0.00            100.05              0.00              0.00              0.00            100.05
N                       0.00            100.05              0.00              0.00              0.00            100.05
Ne                      0.00            100.05              0.00              0.00              0.00            100.05
Nn                      0.00            100.05              0.00              0.00              0.00            100.05
nu                      0.00            100.05              0.00              0.00              0.00            100.05
eta                     0.00            100.05              0.00              0.00              0.00            100.05
phi                     0.00            100.05              0.00              0.00              0.00            100.05
z                       0.00            100.05              0.00              0.00              0.00            100.05
x                       0.00            100.05              0.00              0.00              0.00            100.05
Pm                       NaN               NaN               NaN               NaN               NaN               NaN
w                       0.00            100.05              0.00              0.00              0.00            100.05
VMPK                    0.00            100.05              0.00              0.00              0.00            100.05
U                        NaN               NaN               NaN               NaN               NaN               NaN
X                        NaN               NaN               NaN               NaN               NaN               NaN
D                        NaN               NaN               NaN               NaN               NaN               NaN
F                       0.00            100.05              0.00              0.00              0.00            100.05
Z                       0.00            100.05              0.00              0.00              0.00            100.05
i                       0.00            100.05              0.00              0.00              0.00            100.05
prem                    0.00            100.05              0.00              0.00              0.00            100.05
delta                    NaN               NaN               NaN               NaN               NaN               NaN
In                      0.00            100.05              0.00              0.00              0.00            100.05
Welf                    0.00            100.05              0.00              0.00              0.00            100.05
a                        NaN               NaN               NaN               NaN               NaN               NaN
ksi                     0.00            100.05              0.00              0.00              0.00            100.05
g                        NaN               NaN               NaN               NaN               NaN               NaN
infl                    0.00            100.05              0.00              0.00              0.00            100.05
inflstar                0.00            100.05              0.00              0.00              0.00            100.05
Note: numbers do not add up to 100 due to non-zero correlation of simulated shocks in small samples

Total computing time : 0h00m00s
